INFO: [VRFC 10-2263] Analyzing Verilog file "C:/ECE_440/project11/project_11/project_11.sim/sim_1/synth/timing/tb_time_synth.v" into library xil_defaultlib
INFO: [VRFC 10-311] analyzing module RAM64M_UNIQ_BASE_
INFO: [VRFC 10-311] analyzing module RAM64M_HD1
INFO: [VRFC 10-311] analyzing module RAM64M_HD10
INFO: [VRFC 10-311] analyzing module RAM64M_HD12
INFO: [VRFC 10-311] analyzing module RAM64M_HD13
INFO: [VRFC 10-311] analyzing module RAM64M_HD14
INFO: [VRFC 10-311] analyzing module RAM64M_HD2
INFO: [VRFC 10-311] analyzing module RAM64M_HD3
INFO: [VRFC 10-311] analyzing module RAM64M_HD4
INFO: [VRFC 10-311] analyzing module RAM64M_HD5
INFO: [VRFC 10-311] analyzing module RAM64M_HD6
INFO: [VRFC 10-311] analyzing module RAM64M_HD7
INFO: [VRFC 10-311] analyzing module RAM64M_HD8
INFO: [VRFC 10-311] analyzing module RAM64M_HD9
INFO: [VRFC 10-311] analyzing module RAM64X1D_UNIQ_BASE_
INFO: [VRFC 10-311] analyzing module RAM64X1D_HD11
INFO: [VRFC 10-311] analyzing module design_1
INFO: [VRFC 10-311] analyzing module design_1_axi_fifo_mm_s_0_0
INFO: [VRFC 10-311] analyzing module design_1_axi_fifo_mm_s_0_0_address_decoder
INFO: [VRFC 10-311] analyzing module design_1_axi_fifo_mm_s_0_0_axi_fifo_mm_s
INFO: [VRFC 10-311] analyzing module design_1_axi_fifo_mm_s_0_0_axi_lite_ipif
INFO: [VRFC 10-311] analyzing module design_1_axi_fifo_mm_s_0_0_axis_fg
INFO: [VRFC 10-311] analyzing module design_1_axi_fifo_mm_s_0_0_axis_fg__parameterized0
INFO: [VRFC 10-311] analyzing module design_1_axi_fifo_mm_s_0_0_fifo
INFO: [VRFC 10-311] analyzing module design_1_axi_fifo_mm_s_0_0_fifo__parameterized0
INFO: [VRFC 10-311] analyzing module design_1_axi_fifo_mm_s_0_0_ipic2axi_s
INFO: [VRFC 10-311] analyzing module design_1_axi_fifo_mm_s_0_0_pselect_f
INFO: [VRFC 10-311] analyzing module design_1_axi_fifo_mm_s_0_0_pselect_f__parameterized0
INFO: [VRFC 10-311] analyzing module design_1_axi_fifo_mm_s_0_0_pselect_f__parameterized1
INFO: [VRFC 10-311] analyzing module design_1_axi_fifo_mm_s_0_0_pselect_f__parameterized10
INFO: [VRFC 10-311] analyzing module design_1_axi_fifo_mm_s_0_0_pselect_f__parameterized11
INFO: [VRFC 10-311] analyzing module design_1_axi_fifo_mm_s_0_0_pselect_f__parameterized3
INFO: [VRFC 10-311] analyzing module design_1_axi_fifo_mm_s_0_0_pselect_f__parameterized4
INFO: [VRFC 10-311] analyzing module design_1_axi_fifo_mm_s_0_0_pselect_f__parameterized5
INFO: [VRFC 10-311] analyzing module design_1_axi_fifo_mm_s_0_0_pselect_f__parameterized6
INFO: [VRFC 10-311] analyzing module design_1_axi_fifo_mm_s_0_0_pselect_f__parameterized7
INFO: [VRFC 10-311] analyzing module design_1_axi_fifo_mm_s_0_0_pselect_f__parameterized8
INFO: [VRFC 10-311] analyzing module design_1_axi_fifo_mm_s_0_0_pselect_f__parameterized9
INFO: [VRFC 10-311] analyzing module design_1_axi_fifo_mm_s_0_0_slave_attachment
INFO: [VRFC 10-311] analyzing module design_1_axi_fifo_mm_s_0_0_sync_fifo_fg
INFO: [VRFC 10-311] analyzing module design_1_axi_traffic_gen_0_0
INFO: [VRFC 10-311] analyzing module design_1_axi_traffic_gen_0_0axi_traffic_gen_v2_0_12_asynch_rst_ff
INFO: [VRFC 10-311] analyzing module design_1_axi_traffic_gen_0_0axi_traffic_gen_v2_0_12_asynch_rst_ff_0
INFO: [VRFC 10-311] analyzing module design_1_axi_traffic_gen_0_0axi_traffic_gen_v2_0_12_asynch_rst_ff_1
INFO: [VRFC 10-311] analyzing module design_1_axi_traffic_gen_0_0axi_traffic_gen_v2_0_12_asynch_rst_ff_2
INFO: [VRFC 10-311] analyzing module design_1_axi_traffic_gen_0_0axi_traffic_gen_v2_0_12_systeminit_dmg
INFO: [VRFC 10-311] analyzing module design_1_axi_traffic_gen_0_0axi_traffic_gen_v2_0_12_systeminit_dmg__parameterized0
INFO: [VRFC 10-311] analyzing module design_1_axi_traffic_gen_0_0axi_traffic_gen_v2_0_12_systeminit_mrdwr
INFO: [VRFC 10-311] analyzing module design_1_axi_traffic_gen_0_0axi_traffic_gen_v2_0_12_systeminit_top
INFO: [VRFC 10-311] analyzing module design_1_axi_traffic_gen_0_0axi_traffic_gen_v2_0_12_top
INFO: [VRFC 10-311] analyzing module design_1_axi_traffic_gen_0_axi_periph_0
INFO: [VRFC 10-311] analyzing module design_1_clk_wiz_0
INFO: [VRFC 10-311] analyzing module design_1_clk_wiz_0design_1_clk_wiz_0_clk_wiz
INFO: [VRFC 10-311] analyzing module design_1_handshake_wrapper_0_0
INFO: [VRFC 10-311] analyzing module design_1_handshake_wrapper_0_0_factorial
INFO: [VRFC 10-311] analyzing module design_1_handshake_wrapper_0_0_handshake_wrapper
INFO: [VRFC 10-311] analyzing module design_1_handshake_wrapper_0_0_multiplier
INFO: [VRFC 10-311] analyzing module design_1_rst_clk_wiz_100M_0
INFO: [VRFC 10-311] analyzing module design_1_rst_clk_wiz_100M_0cdc_sync
INFO: [VRFC 10-311] analyzing module design_1_rst_clk_wiz_100M_0cdc_sync_0
INFO: [VRFC 10-311] analyzing module design_1_rst_clk_wiz_100M_0lpf
INFO: [VRFC 10-311] analyzing module design_1_rst_clk_wiz_100M_0proc_sys_reset
INFO: [VRFC 10-311] analyzing module design_1_rst_clk_wiz_100M_0sequence_psr
INFO: [VRFC 10-311] analyzing module design_1_rst_clk_wiz_100M_0upcnt_n
INFO: [VRFC 10-311] analyzing module design_1_wrapper
INFO: [VRFC 10-311] analyzing module design_1_axi_fifo_mm_s_0_0_blk_mem_gen_generic_cstr
INFO: [VRFC 10-311] analyzing module design_1_axi_fifo_mm_s_0_0_blk_mem_gen_generic_cstr_10
INFO: [VRFC 10-311] analyzing module design_1_axi_fifo_mm_s_0_0_blk_mem_gen_prim_width
INFO: [VRFC 10-311] analyzing module design_1_axi_fifo_mm_s_0_0_blk_mem_gen_prim_width_11
INFO: [VRFC 10-311] analyzing module design_1_axi_fifo_mm_s_0_0_blk_mem_gen_prim_wrapper
INFO: [VRFC 10-311] analyzing module design_1_axi_fifo_mm_s_0_0_blk_mem_gen_prim_wrapper_12
INFO: [VRFC 10-311] analyzing module design_1_axi_fifo_mm_s_0_0_blk_mem_gen_top
INFO: [VRFC 10-311] analyzing module design_1_axi_fifo_mm_s_0_0_blk_mem_gen_top_9
INFO: [VRFC 10-311] analyzing module design_1_axi_fifo_mm_s_0_0_blk_mem_gen_v8_3_5
INFO: [VRFC 10-311] analyzing module design_1_axi_fifo_mm_s_0_0_blk_mem_gen_v8_3_5_7
INFO: [VRFC 10-311] analyzing module design_1_axi_fifo_mm_s_0_0_blk_mem_gen_v8_3_5_synth
INFO: [VRFC 10-311] analyzing module design_1_axi_fifo_mm_s_0_0_blk_mem_gen_v8_3_5_synth_8
INFO: [VRFC 10-311] analyzing module design_1_axi_fifo_mm_s_0_0_fifo_generator_v13_0_5
INFO: [VRFC 10-311] analyzing module design_1_axi_fifo_mm_s_0_0_fifo_generator_v13_0_5__parameterized0
INFO: [VRFC 10-311] analyzing module design_1_axi_fifo_mm_s_0_0_fifo_generator_v13_0_5_compare
INFO: [VRFC 10-311] analyzing module design_1_axi_fifo_mm_s_0_0_fifo_generator_v13_0_5_compare_0
INFO: [VRFC 10-311] analyzing module design_1_axi_fifo_mm_s_0_0_fifo_generator_v13_0_5_compare_1
INFO: [VRFC 10-311] analyzing module design_1_axi_fifo_mm_s_0_0_fifo_generator_v13_0_5_compare_14
INFO: [VRFC 10-311] analyzing module design_1_axi_fifo_mm_s_0_0_fifo_generator_v13_0_5_compare_15
INFO: [VRFC 10-311] analyzing module design_1_axi_fifo_mm_s_0_0_fifo_generator_v13_0_5_compare_2
INFO: [VRFC 10-311] analyzing module design_1_axi_fifo_mm_s_0_0_fifo_generator_v13_0_5_compare_20
INFO: [VRFC 10-311] analyzing module design_1_axi_fifo_mm_s_0_0_fifo_generator_v13_0_5_compare_21
INFO: [VRFC 10-311] analyzing module design_1_axi_fifo_mm_s_0_0_fifo_generator_v13_0_5_compare_3
INFO: [VRFC 10-311] analyzing module design_1_axi_fifo_mm_s_0_0_fifo_generator_v13_0_5_dc_ss_fwft
INFO: [VRFC 10-311] analyzing module design_1_axi_fifo_mm_s_0_0_fifo_generator_v13_0_5_fifo_generator_ramfifo
INFO: [VRFC 10-311] analyzing module design_1_axi_fifo_mm_s_0_0_fifo_generator_v13_0_5_fifo_generator_ramfifo__parameterized0
INFO: [VRFC 10-311] analyzing module design_1_axi_fifo_mm_s_0_0_fifo_generator_v13_0_5_fifo_generator_top
INFO: [VRFC 10-311] analyzing module design_1_axi_fifo_mm_s_0_0_fifo_generator_v13_0_5_fifo_generator_top__parameterized0
INFO: [VRFC 10-311] analyzing module design_1_axi_fifo_mm_s_0_0_fifo_generator_v13_0_5_memory
INFO: [VRFC 10-311] analyzing module design_1_axi_fifo_mm_s_0_0_fifo_generator_v13_0_5_memory_6
INFO: [VRFC 10-311] analyzing module design_1_axi_fifo_mm_s_0_0_fifo_generator_v13_0_5_rd_bin_cntr
INFO: [VRFC 10-311] analyzing module design_1_axi_fifo_mm_s_0_0_fifo_generator_v13_0_5_rd_bin_cntr_19
INFO: [VRFC 10-311] analyzing module design_1_axi_fifo_mm_s_0_0_fifo_generator_v13_0_5_rd_fwft
INFO: [VRFC 10-311] analyzing module design_1_axi_fifo_mm_s_0_0_fifo_generator_v13_0_5_rd_fwft_16
INFO: [VRFC 10-311] analyzing module design_1_axi_fifo_mm_s_0_0_fifo_generator_v13_0_5_rd_logic
INFO: [VRFC 10-311] analyzing module design_1_axi_fifo_mm_s_0_0_fifo_generator_v13_0_5_rd_logic_5
INFO: [VRFC 10-311] analyzing module design_1_axi_fifo_mm_s_0_0_fifo_generator_v13_0_5_rd_pe_ss
INFO: [VRFC 10-311] analyzing module design_1_axi_fifo_mm_s_0_0_fifo_generator_v13_0_5_rd_pe_ss_17
INFO: [VRFC 10-311] analyzing module design_1_axi_fifo_mm_s_0_0_fifo_generator_v13_0_5_rd_status_flags_ss
INFO: [VRFC 10-311] analyzing module design_1_axi_fifo_mm_s_0_0_fifo_generator_v13_0_5_rd_status_flags_ss_18
INFO: [VRFC 10-311] analyzing module design_1_axi_fifo_mm_s_0_0_fifo_generator_v13_0_5_reset_blk_ramfifo
INFO: [VRFC 10-311] analyzing module design_1_axi_fifo_mm_s_0_0_fifo_generator_v13_0_5_reset_blk_ramfifo_4
INFO: [VRFC 10-311] analyzing module design_1_axi_fifo_mm_s_0_0_fifo_generator_v13_0_5_reset_blk_ramfifo__parameterized0
INFO: [VRFC 10-311] analyzing module design_1_axi_fifo_mm_s_0_0_fifo_generator_v13_0_5_reset_blk_ramfifo__parameterized1
INFO: [VRFC 10-311] analyzing module design_1_axi_fifo_mm_s_0_0_fifo_generator_v13_0_5_synth
INFO: [VRFC 10-311] analyzing module design_1_axi_fifo_mm_s_0_0_fifo_generator_v13_0_5_synth__parameterized0
INFO: [VRFC 10-311] analyzing module design_1_axi_fifo_mm_s_0_0_fifo_generator_v13_0_5_updn_cntr
INFO: [VRFC 10-311] analyzing module design_1_axi_fifo_mm_s_0_0_fifo_generator_v13_0_5_wr_bin_cntr
INFO: [VRFC 10-311] analyzing module design_1_axi_fifo_mm_s_0_0_fifo_generator_v13_0_5_wr_bin_cntr__parameterized0
INFO: [VRFC 10-311] analyzing module design_1_axi_fifo_mm_s_0_0_fifo_generator_v13_0_5_wr_logic
INFO: [VRFC 10-311] analyzing module design_1_axi_fifo_mm_s_0_0_fifo_generator_v13_0_5_wr_logic__parameterized0
INFO: [VRFC 10-311] analyzing module design_1_axi_fifo_mm_s_0_0_fifo_generator_v13_0_5_wr_pf_ss
INFO: [VRFC 10-311] analyzing module design_1_axi_fifo_mm_s_0_0_fifo_generator_v13_0_5_wr_pf_ss_13
INFO: [VRFC 10-311] analyzing module design_1_axi_fifo_mm_s_0_0_fifo_generator_v13_0_5_wr_status_flags_ss
INFO: [VRFC 10-311] analyzing module design_1_axi_fifo_mm_s_0_0_fifo_generator_v13_0_5_wr_status_flags_ss__parameterized0
INFO: [VRFC 10-311] analyzing module design_1_axi_fifo_mm_s_0_0_fifo_generator_v13_1_3
INFO: [VRFC 10-311] analyzing module design_1_axi_fifo_mm_s_0_0_fifo_generator_v13_1_3_dmem
INFO: [VRFC 10-311] analyzing module design_1_axi_fifo_mm_s_0_0_fifo_generator_v13_1_3_fifo_generator_ramfifo
INFO: [VRFC 10-311] analyzing module design_1_axi_fifo_mm_s_0_0_fifo_generator_v13_1_3_fifo_generator_top
INFO: [VRFC 10-311] analyzing module design_1_axi_fifo_mm_s_0_0_fifo_generator_v13_1_3_memory
INFO: [VRFC 10-311] analyzing module design_1_axi_fifo_mm_s_0_0_fifo_generator_v13_1_3_rd_bin_cntr
INFO: [VRFC 10-311] analyzing module design_1_axi_fifo_mm_s_0_0_fifo_generator_v13_1_3_rd_fwft
INFO: [VRFC 10-311] analyzing module design_1_axi_fifo_mm_s_0_0_fifo_generator_v13_1_3_rd_logic
INFO: [VRFC 10-311] analyzing module design_1_axi_fifo_mm_s_0_0_fifo_generator_v13_1_3_rd_status_flags_ss
INFO: [VRFC 10-311] analyzing module design_1_axi_fifo_mm_s_0_0_fifo_generator_v13_1_3_synth
INFO: [VRFC 10-311] analyzing module design_1_axi_fifo_mm_s_0_0_fifo_generator_v13_1_3_wr_bin_cntr
INFO: [VRFC 10-311] analyzing module design_1_axi_fifo_mm_s_0_0_fifo_generator_v13_1_3_wr_logic
INFO: [VRFC 10-311] analyzing module design_1_axi_fifo_mm_s_0_0_fifo_generator_v13_1_3_wr_status_flags_ss
INFO: [VRFC 10-311] analyzing module design_1_axi_traffic_gen_0_0dist_mem_gen_v8_0_11
INFO: [VRFC 10-311] analyzing module design_1_axi_traffic_gen_0_0dist_mem_gen_v8_0_11__parameterized0
INFO: [VRFC 10-311] analyzing module design_1_axi_traffic_gen_0_0dist_mem_gen_v8_0_11_synth
INFO: [VRFC 10-311] analyzing module design_1_axi_traffic_gen_0_0dist_mem_gen_v8_0_11_synth__parameterized0
INFO: [VRFC 10-311] analyzing module design_1_axi_traffic_gen_0_0rom
INFO: [VRFC 10-311] analyzing module design_1_axi_traffic_gen_0_0rom__parameterized1
INFO: [VRFC 10-311] analyzing module glbl
INFO: [VRFC 10-2263] Analyzing SystemVerilog file "C:/ECE_440/project11/project_11/project_11.srcs/sim_1/new/tb.sv" into library xil_defaultlib
INFO: [VRFC 10-311] analyzing module tb
