Unable to capture context for thread 13712 in process 11552, can not generate back trace
Unable to capture context for thread 14100 in process 11552, can not generate back trace
Exception at PC 0x00007FFEC7D4A799
Unable to capture context for thread 13712 in process 11552, can not generate back trace
Unable to capture context for thread 9176 in process 11552, can not generate back trace
Exception at PC 0x00007FFE4356BB93
Printing stacktrace...

Unable to capture context for thread 9176 in process 11552, can not generate back trace
Exception at PC 0x00007FFEC7D4A799
Exception at PC 0x00007FFEC7D4A799
Exception at PC 0x00007FFEC7D4A799
Exception at PC 0x00007FFEC7D4A799
Exception at PC 0x00007FFEC7D4A799
Exception at PC 0x00007FFEC7D4A799
Exception at PC 0x00007FFEC7D4A799
Exception at PC 0x00007FFEC7D4A799
Exception at PC 0x00007FFEC7D4A799
Exception at PC 0x00007FFEC7D4A799
Exception at PC 0x00007FFEC7D4A799
[0]  [0x00007FFE4356BB93]
[1]  [0x00007FFE4356BB93]
[2]  [0x00007FFE4356B4A1]
[3]  [0x00007FFE4356B3EF]
[4]  [0x00007FFE435519FE]
[5]  [0x00007FFE43550ED1]
[6]  [0x00007FFE43550D76]
[7]  [0x00007FFE434F79F6]
[8]  [0x00007FFE434E7AFB]
[9]  [0x00007FFE4360E90A]
[10]  [0x00007FFE43629F87]
[11]  [0x00007FFE4362A05F]
[12] (BaseThreadInitThunk+0x14) [0x00007FFEC8E27BD4]
[13] (RtlUserThreadStart+0x21) [0x00007FFECA36CE51]
Done
Exception at PC 0x00007FFEC7D4A799
Exception at PC 0x00007FFEC7D4A799
Exception at PC 0x00007FFEC7D4A799
Exception at PC 0x00007FFEC7D4A799
Exception at PC 0x00007FFEC7D4A799
