11:02:03 **** Incremental Build of configuration Debug for project LED_test ****
make pre-build main-build 
a9-linaro-pre-build-step
' '
make: Nothing to be done for `main-build'.
11:02:18 **** Incremental Build of configuration Debug for project LED_test ****
make pre-build main-build 
a9-linaro-pre-build-step
' '
make: Nothing to be done for `main-build'.
11:04:21 **** Incremental Build of configuration Debug for project LED_test ****
make pre-build main-build 
a9-linaro-pre-build-step
' '
make: Nothing to be done for `main-build'.
12:20:52 **** Incremental Build of configuration Debug for project LED_test ****
make pre-build main-build 
a9-linaro-pre-build-step
' '
make: Nothing to be done for `main-build'.
12:21:37 **** Incremental Build of configuration Debug for project LED_test ****
make pre-build main-build 
a9-linaro-pre-build-step
' '
make: Nothing to be done for `main-build'.
12:24:00 **** Incremental Build of configuration Debug for project LED_test ****
make pre-build main-build 
a9-linaro-pre-build-step
' '
make: Nothing to be done for `main-build'.
