Vivado Simulator 2016.4
Copyright 1986-1999, 2001-2016 Xilinx, Inc. All Rights Reserved.
Running: C:/Xilinx/Vivado/2016.4/bin/unwrapped/win64.o/xelab.exe -wto 308818c0438042cea75044ff67d29043 --debug typical --relax --mt 2 -L xil_defaultlib -L unisims_ver -L unimacro_ver -L secureip -L xpm --snapshot tb_behav xil_defaultlib.tb xil_defaultlib.glbl -log elaborate.log 
Using 2 slave threads.
Starting static elaboration
Completed static elaboration
Starting simulation data flow analysis
Completed simulation data flow analysis
Time Resolution for simulation is 1ps
Compiling module unisims_ver.GND
Compiling module unisims_ver.RB18_INTERNAL_VLOG(DOA_REG=1,DOB...
Compiling module unisims_ver.RAMB18E1(DOA_REG=1,DOB_REG=1,INI...
Compiling module xil_defaultlib.blk_mem_gen_0_blk_mem_gen_prim_w...
Compiling module xil_defaultlib.blk_mem_gen_0_blk_mem_gen_prim_w...
Compiling module xil_defaultlib.blk_mem_gen_0_blk_mem_gen_generi...
Compiling module xil_defaultlib.blk_mem_gen_0_blk_mem_gen_top
Compiling module xil_defaultlib.blk_mem_gen_0_blk_mem_gen_v8_3_5...
Compiling module xil_defaultlib.blk_mem_gen_0_blk_mem_gen_v8_3_5
Compiling module xil_defaultlib.blk_mem_gen_0
Compiling module xil_defaultlib.mem_ctrl
Compiling module xil_defaultlib.dp
Compiling module xil_defaultlib.fsm
Compiling module xil_defaultlib.gcd_core
Compiling module xil_defaultlib.core_wrapper
Compiling module xil_defaultlib.spi_ctrl
Compiling module xil_defaultlib.Project5
Compiling module xil_defaultlib.tb
Compiling module xil_defaultlib.glbl
Built simulation snapshot tb_behav
