Unable to capture context for thread 24120 in process 2240, can not generate back trace
Unable to capture context for thread 7636 in process 2240, can not generate back trace
Unable to capture context for thread 3560 in process 2240, can not generate back trace
Exception at PC 0x00007FFB7E8DA799
Unable to capture context for thread 24120 in process 2240, can not generate back trace
Unable to capture context for thread 3560 in process 2240, can not generate back trace
Exception at PC 0x00007FFAEE72BB93
Printing stacktrace...

Exception at PC 0x00007FFB7E8DA799
Exception at PC 0x00007FFB7E8DA799
Exception at PC 0x00007FFB7E8DA799
Exception at PC 0x00007FFB7E8DA799
Exception at PC 0x00007FFB7E8DA799
Exception at PC 0x00007FFB7E8DA799
Exception at PC 0x00007FFB7E8DA799
[0]  [0x00007FFAEE72BB93]
[1]  [0x00007FFAEE72BB93]
[2]  [0x00007FFAEE72B4A1]
[3]  [0x00007FFAEE72B3EF]
[4]  [0x00007FFAEE7119FE]
[5]  [0x00007FFAEE710ED1]
[6]  [0x00007FFAEE710D76]
[7]  [0x00007FFAEE6B79F6]
[8]  [0x00007FFAEE6A7AFB]
[9]  [0x00007FFAEE7CE90A]
[10]  [0x00007FFAEE7E9F87]
[11]  [0x00007FFAEE7EA05F]
[12] (BaseThreadInitThunk+0x14) [0x00007FFB80337BD4]
[13] (RtlUserThreadStart+0x21) [0x00007FFB815ACE51]
Done
Exception at PC 0x00007FFB7E8DA799
Exception at PC 0x00007FFB7E8DA799
Exception at PC 0x00007FFB7E8DA799
Exception at PC 0x00007FFB7E8DA799
Exception at PC 0x00007FFB7E8DA799
Exception at PC 0x00007FFB7E8DA799
Exception at PC 0x00007FFB7E8DA799
Exception at PC 0x00007FFB7E8DA799
Exception at PC 0x00007FFB7E8DA799
