Copyright 1986-2016 Xilinx, Inc. All Rights Reserved.
------------------------------------------------------------------------------------
| Tool Version : Vivado v.2016.4 (win64) Build 1756540 Mon Jan 23 19:11:23 MST 2017
| Date         : Sat May 02 09:50:08 2020
| Host         : CorySP4 running 64-bit major release  (build 9200)
| Command      : upgrade_ip
| Device       : xc7z010clg400-1
------------------------------------------------------------------------------------

Upgrade Log for IP 'design_1_handshake_wrapper_0_0'

1. Summary
----------

SUCCESS in the upgrade of design_1_handshake_wrapper_0_0 (xilinx.com:user:handshake_wrapper:1.0) from (Rev. 3) to (Rev. 4)






Copyright 1986-2016 Xilinx, Inc. All Rights Reserved.
------------------------------------------------------------------------------------
| Tool Version : Vivado v.2016.4 (win64) Build 1756540 Mon Jan 23 19:11:23 MST 2017
| Date         : Fri May 01 16:32:04 2020
| Host         : CorySP4 running 64-bit major release  (build 9200)
| Command      : upgrade_ip
| Device       : xc7z010clg400-1
------------------------------------------------------------------------------------

Upgrade Log for IP 'design_1_handshake_wrapper_0_0'

1. Summary
----------

CAUTION (success, with warnings) in the upgrade of design_1_handshake_wrapper_0_0 (xilinx.com:user:handshake_wrapper:1.0) from (Rev. 2) to (Rev. 3)

After upgrade, an IP may have parameter and port differences compared to the original customization. Please review the parameters within the IP customization GUI to ensure proper functionality. Also, please review the updated IP instantiation template to ensure proper connectivity, and update your design if required.

2. Connection Warnings
----------------------

Detected external port differences while upgrading 'design_1_handshake_wrapper_0_0'. These changes may impact your design.


-Upgrade has removed port 'n'

-Upgrade has added port 'din'







Copyright 1986-2016 Xilinx, Inc. All Rights Reserved.
------------------------------------------------------------------------------------
| Tool Version : Vivado v.2016.4 (win64) Build 1756540 Mon Jan 23 19:11:23 MST 2017
| Date         : Fri May 01 16:28:28 2020
| Host         : CorySP4 running 64-bit major release  (build 9200)
| Command      : upgrade_ip
| Device       : xc7z010clg400-1
------------------------------------------------------------------------------------

Upgrade Log for IP 'design_1_handshake_wrapper_0_0'

1. Summary
----------

SUCCESS in the update of design_1_handshake_wrapper_0_0 (xilinx.com:user:handshake_wrapper:1.0 (Rev. 2)) to current project options.






Copyright 1986-2016 Xilinx, Inc. All Rights Reserved.
------------------------------------------------------------------------------------
| Tool Version : Vivado v.2016.4 (win64) Build 1756540 Mon Jan 23 19:11:23 MST 2017
| Date         : Fri May 01 13:36:59 2020
| Host         : CorySP4 running 64-bit major release  (build 9200)
| Command      : upgrade_ip
| Device       : xc7z010clg400-1
------------------------------------------------------------------------------------

Upgrade Log for IP 'design_1_handshake_wrapper_0_0'

1. Summary
----------

SUCCESS in the upgrade of design_1_handshake_wrapper_0_0 (xilinx.com:user:handshake_wrapper:1.0) from (Rev. 4) to (Rev. 5)






Copyright 1986-2016 Xilinx, Inc. All Rights Reserved.
------------------------------------------------------------------------------------
| Tool Version : Vivado v.2016.4 (win64) Build 1756540 Mon Jan 23 19:11:23 MST 2017
| Date         : Fri May 01 13:31:04 2020
| Host         : CorySP4 running 64-bit major release  (build 9200)
| Command      : upgrade_ip
| Device       : xc7z010clg400-1
------------------------------------------------------------------------------------

Upgrade Log for IP 'design_1_handshake_wrapper_0_0'

1. Summary
----------

SUCCESS in the upgrade of design_1_handshake_wrapper_0_0 (xilinx.com:user:handshake_wrapper:1.0) from (Rev. 3) to (Rev. 4)






Copyright 1986-2016 Xilinx, Inc. All Rights Reserved.
------------------------------------------------------------------------------------
| Tool Version : Vivado v.2016.4 (win64) Build 1756540 Mon Jan 23 19:11:23 MST 2017
| Date         : Fri May 01 13:29:03 2020
| Host         : CorySP4 running 64-bit major release  (build 9200)
| Command      : upgrade_ip
| Device       : xc7z010clg400-1
------------------------------------------------------------------------------------

Upgrade Log for IP 'design_1_handshake_wrapper_0_0'

1. Summary
----------

SUCCESS in the update of design_1_handshake_wrapper_0_0 (xilinx.com:user:handshake_wrapper:1.0 (Rev. 3)) to current project options.






Copyright 1986-2016 Xilinx, Inc. All Rights Reserved.
------------------------------------------------------------------------------------
| Tool Version : Vivado v.2016.4 (win64) Build 1756540 Mon Jan 23 19:11:23 MST 2017
| Date         : Fri May 01 13:23:48 2020
| Host         : CorySP4 running 64-bit major release  (build 9200)
| Command      : upgrade_ip
| Device       : xc7z010clg400-1
------------------------------------------------------------------------------------

Upgrade Log for IP 'design_1_handshake_wrapper_0_0'

1. Summary
----------

SUCCESS in the upgrade of design_1_handshake_wrapper_0_0 (xilinx.com:user:handshake_wrapper:1.0) from (Rev. 2) to (Rev. 3)

