
*** Running vivado
    with args -log Project5.vds -m64 -product Vivado -mode batch -messageDb vivado.pb -notrace -source Project5.tcl


****** Vivado v2016.4 (64-bit)
  **** SW Build 1756540 on Mon Jan 23 19:11:23 MST 2017
  **** IP Build 1755317 on Mon Jan 23 20:30:07 MST 2017
    ** Copyright 1986-2016 Xilinx, Inc. All Rights Reserved.

source Project5.tcl -notrace
Command: synth_design -top Project5 -part xc7z010clg400-1
Starting synth_design
Attempting to get a license for feature 'Synthesis' and/or device 'xc7z010'
INFO: [Common 17-349] Got license for feature 'Synthesis' and/or device 'xc7z010'
INFO: Launching helper process for spawning children vivado processes
INFO: Helper process launched with PID 2580 
---------------------------------------------------------------------------------
Starting RTL Elaboration : Time (s): cpu = 00:00:06 ; elapsed = 00:00:10 . Memory (MB): peak = 283.230 ; gain = 73.566
---------------------------------------------------------------------------------
INFO: [Synth 8-638] synthesizing module 'Project5' [D:/ECE 440/project5/project5/project5.srcs/sources_1/new/Project5.sv:23]
INFO: [Synth 8-638] synthesizing module 'mem_ctrl' [D:/ECE 440/project5/project5/project5.srcs/sources_1/new/mem_ctrl.sv:23]
INFO: [Synth 8-638] synthesizing module 'blk_mem_gen_0' [D:/ECE 440/project5/project5/project5.runs/synth_1/.Xil/Vivado-7056-CorySP4/realtime/blk_mem_gen_0_stub.v:6]
INFO: [Synth 8-256] done synthesizing module 'blk_mem_gen_0' (1#1) [D:/ECE 440/project5/project5/project5.runs/synth_1/.Xil/Vivado-7056-CorySP4/realtime/blk_mem_gen_0_stub.v:6]
INFO: [Synth 8-155] case statement is not full and has no default [D:/ECE 440/project5/project5/project5.srcs/sources_1/new/mem_ctrl.sv:60]
INFO: [Synth 8-256] done synthesizing module 'mem_ctrl' (2#1) [D:/ECE 440/project5/project5/project5.srcs/sources_1/new/mem_ctrl.sv:23]
INFO: [Synth 8-638] synthesizing module 'core_wrapper' [D:/ECE 440/project5/project5/project5.srcs/sources_1/new/core_wrapper.sv:23]
INFO: [Synth 8-638] synthesizing module 'gcd_core' [D:/ECE 440/project5/project5/project5.srcs/sources_1/imports/new/gcd_core.sv:5]
INFO: [Synth 8-638] synthesizing module 'dp' [D:/ECE 440/project5/project5/project5.srcs/sources_1/imports/new/dp.sv:5]
INFO: [Synth 8-256] done synthesizing module 'dp' (3#1) [D:/ECE 440/project5/project5/project5.srcs/sources_1/imports/new/dp.sv:5]
INFO: [Synth 8-638] synthesizing module 'fsm' [D:/ECE 440/project5/project5/project5.srcs/sources_1/imports/new/fsm.sv:5]
INFO: [Synth 8-155] case statement is not full and has no default [D:/ECE 440/project5/project5/project5.srcs/sources_1/imports/new/fsm.sv:18]
INFO: [Synth 8-256] done synthesizing module 'fsm' (4#1) [D:/ECE 440/project5/project5/project5.srcs/sources_1/imports/new/fsm.sv:5]
INFO: [Synth 8-256] done synthesizing module 'gcd_core' (5#1) [D:/ECE 440/project5/project5/project5.srcs/sources_1/imports/new/gcd_core.sv:5]
INFO: [Synth 8-155] case statement is not full and has no default [D:/ECE 440/project5/project5/project5.srcs/sources_1/new/core_wrapper.sv:43]
INFO: [Synth 8-155] case statement is not full and has no default [D:/ECE 440/project5/project5/project5.srcs/sources_1/new/core_wrapper.sv:67]
INFO: [Synth 8-256] done synthesizing module 'core_wrapper' (6#1) [D:/ECE 440/project5/project5/project5.srcs/sources_1/new/core_wrapper.sv:23]
INFO: [Synth 8-638] synthesizing module 'spi_ctrl' [D:/ECE 440/project5/project5/project5.srcs/sources_1/new/spi_ctrl.sv:23]
INFO: [Synth 8-155] case statement is not full and has no default [D:/ECE 440/project5/project5/project5.srcs/sources_1/new/spi_ctrl.sv:48]
INFO: [Synth 8-155] case statement is not full and has no default [D:/ECE 440/project5/project5/project5.srcs/sources_1/new/spi_ctrl.sv:91]
INFO: [Synth 8-256] done synthesizing module 'spi_ctrl' (7#1) [D:/ECE 440/project5/project5/project5.srcs/sources_1/new/spi_ctrl.sv:23]
INFO: [Synth 8-256] done synthesizing module 'Project5' (8#1) [D:/ECE 440/project5/project5/project5.srcs/sources_1/new/Project5.sv:23]
---------------------------------------------------------------------------------
Finished RTL Elaboration : Time (s): cpu = 00:00:07 ; elapsed = 00:00:12 . Memory (MB): peak = 320.684 ; gain = 111.020
---------------------------------------------------------------------------------

Report Check Netlist: 
+------+------------------+-------+---------+-------+------------------+
|      |Item              |Errors |Warnings |Status |Description       |
+------+------------------+-------+---------+-------+------------------+
|1     |multi_driven_nets |      0|        0|Passed |Multi driven nets |
+------+------------------+-------+---------+-------+------------------+
---------------------------------------------------------------------------------
Finished RTL Optimization Phase 1 : Time (s): cpu = 00:00:08 ; elapsed = 00:00:13 . Memory (MB): peak = 320.684 ; gain = 111.020
---------------------------------------------------------------------------------
WARNING: [Project 1-486] Could not resolve non-primitive black box cell 'blk_mem_gen_0' instantiated as 'mem/mem1' [D:/ECE 440/project5/project5/project5.srcs/sources_1/new/mem_ctrl.sv:38]
INFO: [Device 21-403] Loading part xc7z010clg400-1
INFO: [Project 1-570] Preparing netlist for logic optimization

Processing XDC Constraints
Initializing timing engine
Parsing XDC File [D:/ECE 440/project5/project5/project5.runs/synth_1/.Xil/Vivado-7056-CorySP4/dcp/blk_mem_gen_0_in_context.xdc] for cell 'mem/mem1'
Finished Parsing XDC File [D:/ECE 440/project5/project5/project5.runs/synth_1/.Xil/Vivado-7056-CorySP4/dcp/blk_mem_gen_0_in_context.xdc] for cell 'mem/mem1'
Parsing XDC File [D:/ECE 440/project3/project3/project3.srcs/constrs_1/new/constraints.xdc]
WARNING: [Vivado 12-584] No ports matched 'rst_btn'. [D:/ECE 440/project3/project3/project3.srcs/constrs_1/new/constraints.xdc:32]
WARNING: [Vivado 12-584] No ports matched 'rst_btn'. [D:/ECE 440/project3/project3/project3.srcs/constrs_1/new/constraints.xdc:33]
Finished Parsing XDC File [D:/ECE 440/project3/project3/project3.srcs/constrs_1/new/constraints.xdc]
WARNING: [Project 1-498] One or more constraints failed evaluation while reading constraint file [D:/ECE 440/project3/project3/project3.srcs/constrs_1/new/constraints.xdc] and the design contains unresolved black boxes. These constraints will be read post-synthesis (as long as their source constraint file is marked as used_in_implementation) and should be applied correctly then. You should review the constraints listed in the file [.Xil/Project5_propImpl.xdc] and check the run log file to verify that these constraints were correctly applied.
INFO: [Project 1-236] Implementation specific constraints were found while reading constraint file [D:/ECE 440/project3/project3/project3.srcs/constrs_1/new/constraints.xdc]. These constraints will be ignored for synthesis but will be used in implementation. Impacted constraints are listed in the file [.Xil/Project5_propImpl.xdc].
Resolution: To avoid this warning, move constraints listed in [.Xil/Project5_propImpl.xdc] to another XDC file and exclude this new file from synthesis with the used_in_synthesis property (File Properties dialog in GUI) and re-run elaboration/synthesis.
Completed Processing XDC Constraints

INFO: [Project 1-111] Unisim Transformation Summary:
No Unisim elements were transformed.

Constraint Validation Runtime : Time (s): cpu = 00:00:00 ; elapsed = 00:00:00.020 . Memory (MB): peak = 620.773 ; gain = 0.000
---------------------------------------------------------------------------------
Finished Constraint Validation : Time (s): cpu = 00:00:17 ; elapsed = 00:00:29 . Memory (MB): peak = 620.773 ; gain = 411.109
---------------------------------------------------------------------------------
---------------------------------------------------------------------------------
Start Loading Part and Timing Information
---------------------------------------------------------------------------------
Loading part: xc7z010clg400-1
---------------------------------------------------------------------------------
Finished Loading Part and Timing Information : Time (s): cpu = 00:00:17 ; elapsed = 00:00:29 . Memory (MB): peak = 620.773 ; gain = 411.109
---------------------------------------------------------------------------------
---------------------------------------------------------------------------------
Start Applying 'set_property' XDC Constraints
---------------------------------------------------------------------------------
---------------------------------------------------------------------------------
Finished applying 'set_property' XDC Constraints : Time (s): cpu = 00:00:17 ; elapsed = 00:00:29 . Memory (MB): peak = 620.773 ; gain = 411.109
---------------------------------------------------------------------------------
INFO: [Synth 8-802] inferred FSM for state register 'state_reg' in module 'mem_ctrl'
INFO: [Synth 8-5544] ROM "mem_ready" won't be mapped to Block RAM because address size (3) smaller than threshold (5)
INFO: [Synth 8-5544] ROM "yout" won't be mapped to Block RAM because address size (3) smaller than threshold (5)
INFO: [Synth 8-5544] ROM "xout" won't be mapped to Block RAM because address size (3) smaller than threshold (5)
INFO: [Synth 8-5544] ROM "addr" won't be mapped to Block RAM because address size (3) smaller than threshold (5)
INFO: [Synth 8-5544] ROM "state" won't be mapped to Block RAM because address size (3) smaller than threshold (5)
INFO: [Synth 8-5544] ROM "state0" won't be mapped to Block RAM because address size (1) smaller than threshold (5)
INFO: [Synth 8-5544] ROM "state" won't be mapped to Block RAM because address size (1) smaller than threshold (5)
INFO: [Synth 8-802] inferred FSM for state register 'state_reg' in module 'fsm'
INFO: [Synth 8-5544] ROM "state" won't be mapped to Block RAM because address size (3) smaller than threshold (5)
INFO: [Synth 8-5544] ROM "yload" won't be mapped to Block RAM because address size (3) smaller than threshold (5)
INFO: [Synth 8-5544] ROM "xload" won't be mapped to Block RAM because address size (3) smaller than threshold (5)
INFO: [Synth 8-5544] ROM "state" won't be mapped to Block RAM because address size (1) smaller than threshold (5)
INFO: [Synth 8-5544] ROM "state" won't be mapped to Block RAM because address size (1) smaller than threshold (5)
INFO: [Synth 8-802] inferred FSM for state register 'state_reg' in module 'core_wrapper'
INFO: [Synth 8-5544] ROM "state" won't be mapped to Block RAM because address size (3) smaller than threshold (5)
INFO: [Synth 8-5544] ROM "core_done" won't be mapped to Block RAM because address size (3) smaller than threshold (5)
INFO: [Synth 8-5544] ROM "load" won't be mapped to Block RAM because address size (3) smaller than threshold (5)
INFO: [Synth 8-5544] ROM "state" won't be mapped to Block RAM because address size (1) smaller than threshold (5)
INFO: [Synth 8-5544] ROM "state" won't be mapped to Block RAM because address size (1) smaller than threshold (5)
INFO: [Synth 8-802] inferred FSM for state register 'state_reg' in module 'spi_ctrl'
INFO: [Synth 8-5544] ROM "start_load" won't be mapped to Block RAM because address size (3) smaller than threshold (5)
INFO: [Synth 8-5544] ROM "sclk" won't be mapped to Block RAM because address size (3) smaller than threshold (5)
INFO: [Synth 8-5544] ROM "ss" won't be mapped to Block RAM because address size (3) smaller than threshold (5)
INFO: [Synth 8-5544] ROM "state" won't be mapped to Block RAM because address size (1) smaller than threshold (5)
INFO: [Synth 8-5544] ROM "state" won't be mapped to Block RAM because address size (1) smaller than threshold (5)
INFO: [Synth 8-5544] ROM "state" won't be mapped to Block RAM because address size (1) smaller than threshold (5)
---------------------------------------------------------------------------------------------------
                   State |                     New Encoding |                Previous Encoding 
---------------------------------------------------------------------------------------------------
                   RESET |                              000 |                              000
                   MOVEX |                              001 |                              001
                   WAIT1 |                              010 |                              010
                   WAIT2 |                              011 |                              011
                   MOVEY |                              100 |                              100
                    DONE |                              101 |                              101
---------------------------------------------------------------------------------------------------
INFO: [Synth 8-3354] encoded FSM with state register 'state_reg' using encoding 'sequential' in module 'mem_ctrl'
---------------------------------------------------------------------------------------------------
                   State |                     New Encoding |                Previous Encoding 
---------------------------------------------------------------------------------------------------
                    IDLE |                              000 |                              000
                   LOADX |                              001 |                              001
                   LOADY |                              010 |                              010
                    BUSY |                              011 |                              011
                    STOP |                              100 |                              100
---------------------------------------------------------------------------------------------------
INFO: [Synth 8-3354] encoded FSM with state register 'state_reg' using encoding 'sequential' in module 'fsm'
---------------------------------------------------------------------------------------------------
                   State |                     New Encoding |                Previous Encoding 
---------------------------------------------------------------------------------------------------
                   RESET |                              000 |                              000
                    LOAD |                              001 |                              001
                   SENDX |                              010 |                              010
                   SENDY |                              011 |                              011
                    CALC |                              100 |                              100
                    DONE |                              101 |                              101
---------------------------------------------------------------------------------------------------
INFO: [Synth 8-3354] encoded FSM with state register 'state_reg' using encoding 'sequential' in module 'core_wrapper'
---------------------------------------------------------------------------------------------------
                   State |                     New Encoding |                Previous Encoding 
---------------------------------------------------------------------------------------------------
                   RESET |                              000 |                              000
                BEGIN_SS |                              001 |                              001
                    HIGH |                              010 |                              010
                     LOW |                              011 |                              011
                  END_SS |                              100 |                              100
                    DONE |                              101 |                              101
                  iSTATE |                              110 |                              110
---------------------------------------------------------------------------------------------------
INFO: [Synth 8-3354] encoded FSM with state register 'state_reg' using encoding 'sequential' in module 'spi_ctrl'
---------------------------------------------------------------------------------
Finished RTL Optimization Phase 2 : Time (s): cpu = 00:00:17 ; elapsed = 00:00:30 . Memory (MB): peak = 620.773 ; gain = 411.109
---------------------------------------------------------------------------------

Report RTL Partitions: 
+-+--------------+------------+----------+
| |RTL Partition |Replication |Instances |
+-+--------------+------------+----------+
+-+--------------+------------+----------+
---------------------------------------------------------------------------------
Start RTL Component Statistics 
---------------------------------------------------------------------------------
Detailed RTL Component Info : 
+---Adders : 
	   2 Input     11 Bit       Adders := 1     
	   3 Input      8 Bit       Adders := 2     
	   2 Input      5 Bit       Adders := 1     
	   2 Input      3 Bit       Adders := 1     
+---Registers : 
	               11 Bit    Registers := 1     
	                8 Bit    Registers := 4     
	                5 Bit    Registers := 1     
	                3 Bit    Registers := 1     
+---Muxes : 
	   2 Input      8 Bit        Muxes := 2     
	   6 Input      8 Bit        Muxes := 1     
	   9 Input      3 Bit        Muxes := 1     
	  10 Input      3 Bit        Muxes := 2     
	   7 Input      3 Bit        Muxes := 1     
	  11 Input      3 Bit        Muxes := 1     
	   2 Input      2 Bit        Muxes := 1     
	   6 Input      1 Bit        Muxes := 11    
	   5 Input      1 Bit        Muxes := 1     
	   2 Input      1 Bit        Muxes := 7     
	   3 Input      1 Bit        Muxes := 1     
	   7 Input      1 Bit        Muxes := 2     
---------------------------------------------------------------------------------
Finished RTL Component Statistics 
---------------------------------------------------------------------------------
---------------------------------------------------------------------------------
Start RTL Hierarchical Component Statistics 
---------------------------------------------------------------------------------
Hierarchical RTL Component report 
Module mem_ctrl 
Detailed RTL Component Info : 
+---Adders : 
	   2 Input      5 Bit       Adders := 1     
+---Registers : 
	                8 Bit    Registers := 2     
	                5 Bit    Registers := 1     
+---Muxes : 
	   9 Input      3 Bit        Muxes := 1     
	   2 Input      2 Bit        Muxes := 1     
	   6 Input      1 Bit        Muxes := 4     
Module dp 
Detailed RTL Component Info : 
+---Adders : 
	   3 Input      8 Bit       Adders := 2     
+---Registers : 
	                8 Bit    Registers := 2     
+---Muxes : 
	   2 Input      8 Bit        Muxes := 2     
Module fsm 
Detailed RTL Component Info : 
+---Muxes : 
	  10 Input      3 Bit        Muxes := 1     
	   5 Input      1 Bit        Muxes := 1     
	   2 Input      1 Bit        Muxes := 6     
	   3 Input      1 Bit        Muxes := 1     
Module core_wrapper 
Detailed RTL Component Info : 
+---Muxes : 
	   6 Input      8 Bit        Muxes := 1     
	  10 Input      3 Bit        Muxes := 1     
	   6 Input      1 Bit        Muxes := 3     
Module spi_ctrl 
Detailed RTL Component Info : 
+---Adders : 
	   2 Input     11 Bit       Adders := 1     
	   2 Input      3 Bit       Adders := 1     
+---Registers : 
	               11 Bit    Registers := 1     
	                3 Bit    Registers := 1     
+---Muxes : 
	   7 Input      3 Bit        Muxes := 1     
	  11 Input      3 Bit        Muxes := 1     
	   2 Input      1 Bit        Muxes := 1     
	   6 Input      1 Bit        Muxes := 4     
	   7 Input      1 Bit        Muxes := 2     
---------------------------------------------------------------------------------
Finished RTL Hierarchical Component Statistics
---------------------------------------------------------------------------------
---------------------------------------------------------------------------------
Start Part Resource Summary
---------------------------------------------------------------------------------
Part Resources:
DSPs: 80 (col length:40)
BRAMs: 120 (col length: RAMB18 40 RAMB36 20)
---------------------------------------------------------------------------------
Finished Part Resource Summary
---------------------------------------------------------------------------------
---------------------------------------------------------------------------------
Start Cross Boundary and Area Optimization
---------------------------------------------------------------------------------
---------------------------------------------------------------------------------
Finished Cross Boundary and Area Optimization : Time (s): cpu = 00:00:18 ; elapsed = 00:00:31 . Memory (MB): peak = 620.773 ; gain = 411.109
---------------------------------------------------------------------------------

Report RTL Partitions: 
+-+--------------+------------+----------+
| |RTL Partition |Replication |Instances |
+-+--------------+------------+----------+
+-+--------------+------------+----------+
---------------------------------------------------------------------------------
Start Timing Optimization
---------------------------------------------------------------------------------
---------------------------------------------------------------------------------
Start Applying XDC Timing Constraints
---------------------------------------------------------------------------------
---------------------------------------------------------------------------------
Finished Applying XDC Timing Constraints : Time (s): cpu = 00:00:29 ; elapsed = 00:00:42 . Memory (MB): peak = 620.773 ; gain = 411.109
---------------------------------------------------------------------------------
---------------------------------------------------------------------------------
Finished Timing Optimization : Time (s): cpu = 00:00:29 ; elapsed = 00:00:43 . Memory (MB): peak = 620.773 ; gain = 411.109
---------------------------------------------------------------------------------

Report RTL Partitions: 
+-+--------------+------------+----------+
| |RTL Partition |Replication |Instances |
+-+--------------+------------+----------+
+-+--------------+------------+----------+
---------------------------------------------------------------------------------
Start Technology Mapping
---------------------------------------------------------------------------------
---------------------------------------------------------------------------------
Finished Technology Mapping : Time (s): cpu = 00:00:29 ; elapsed = 00:00:43 . Memory (MB): peak = 620.773 ; gain = 411.109
---------------------------------------------------------------------------------

Report RTL Partitions: 
+-+--------------+------------+----------+
| |RTL Partition |Replication |Instances |
+-+--------------+------------+----------+
+-+--------------+------------+----------+
---------------------------------------------------------------------------------
Start IO Insertion
---------------------------------------------------------------------------------
---------------------------------------------------------------------------------
Start Flattening Before IO Insertion
---------------------------------------------------------------------------------
---------------------------------------------------------------------------------
Finished Flattening Before IO Insertion
---------------------------------------------------------------------------------
---------------------------------------------------------------------------------
Start Final Netlist Cleanup
---------------------------------------------------------------------------------
---------------------------------------------------------------------------------
Finished Final Netlist Cleanup
---------------------------------------------------------------------------------
---------------------------------------------------------------------------------
Finished IO Insertion : Time (s): cpu = 00:00:30 ; elapsed = 00:00:43 . Memory (MB): peak = 620.773 ; gain = 411.109
---------------------------------------------------------------------------------

Report Check Netlist: 
+------+------------------+-------+---------+-------+------------------+
|      |Item              |Errors |Warnings |Status |Description       |
+------+------------------+-------+---------+-------+------------------+
|1     |multi_driven_nets |      0|        0|Passed |Multi driven nets |
+------+------------------+-------+---------+-------+------------------+
---------------------------------------------------------------------------------
Start Renaming Generated Instances
---------------------------------------------------------------------------------
---------------------------------------------------------------------------------
Finished Renaming Generated Instances : Time (s): cpu = 00:00:30 ; elapsed = 00:00:43 . Memory (MB): peak = 620.773 ; gain = 411.109
---------------------------------------------------------------------------------

Report RTL Partitions: 
+-+--------------+------------+----------+
| |RTL Partition |Replication |Instances |
+-+--------------+------------+----------+
+-+--------------+------------+----------+
---------------------------------------------------------------------------------
Start Rebuilding User Hierarchy
---------------------------------------------------------------------------------
---------------------------------------------------------------------------------
Finished Rebuilding User Hierarchy : Time (s): cpu = 00:00:30 ; elapsed = 00:00:43 . Memory (MB): peak = 620.773 ; gain = 411.109
---------------------------------------------------------------------------------
---------------------------------------------------------------------------------
Start Renaming Generated Ports
---------------------------------------------------------------------------------
---------------------------------------------------------------------------------
Finished Renaming Generated Ports : Time (s): cpu = 00:00:30 ; elapsed = 00:00:43 . Memory (MB): peak = 620.773 ; gain = 411.109
---------------------------------------------------------------------------------
---------------------------------------------------------------------------------
Start Handling Custom Attributes
---------------------------------------------------------------------------------
---------------------------------------------------------------------------------
Finished Handling Custom Attributes : Time (s): cpu = 00:00:30 ; elapsed = 00:00:43 . Memory (MB): peak = 620.773 ; gain = 411.109
---------------------------------------------------------------------------------
---------------------------------------------------------------------------------
Start Renaming Generated Nets
---------------------------------------------------------------------------------
---------------------------------------------------------------------------------
Finished Renaming Generated Nets : Time (s): cpu = 00:00:30 ; elapsed = 00:00:43 . Memory (MB): peak = 620.773 ; gain = 411.109
---------------------------------------------------------------------------------
---------------------------------------------------------------------------------
Start Writing Synthesis Report
---------------------------------------------------------------------------------

Report BlackBoxes: 
+------+--------------+----------+
|      |BlackBox name |Instances |
+------+--------------+----------+
|1     |blk_mem_gen_0 |         1|
+------+--------------+----------+

Report Cell Usage: 
+------+--------------+------+
|      |Cell          |Count |
+------+--------------+------+
|1     |blk_mem_gen_0 |     1|
|2     |BUFG          |     1|
|3     |CARRY4        |     5|
|4     |LUT1          |     2|
|5     |LUT2          |    21|
|6     |LUT3          |    13|
|7     |LUT4          |    20|
|8     |LUT5          |    17|
|9     |LUT6          |    32|
|10    |FDRE          |    63|
|11    |IBUF          |     2|
|12    |OBUF          |     3|
+------+--------------+------+

Report Instance Areas: 
+------+-----------+-------------+------+
|      |Instance   |Module       |Cells |
+------+-----------+-------------+------+
|1     |top        |             |   187|
|2     |  core     |core_wrapper |    86|
|3     |    core1  |gcd_core     |    81|
|4     |      dp2  |dp           |    68|
|5     |      fsm2 |fsm          |    13|
|6     |  mem      |mem_ctrl     |    47|
|7     |  spi      |spi_ctrl     |    48|
+------+-----------+-------------+------+
---------------------------------------------------------------------------------
Finished Writing Synthesis Report : Time (s): cpu = 00:00:30 ; elapsed = 00:00:43 . Memory (MB): peak = 620.773 ; gain = 411.109
---------------------------------------------------------------------------------
Synthesis finished with 0 errors, 0 critical warnings and 0 warnings.
Synthesis Optimization Runtime : Time (s): cpu = 00:00:16 ; elapsed = 00:00:26 . Memory (MB): peak = 620.773 ; gain = 110.668
Synthesis Optimization Complete : Time (s): cpu = 00:00:30 ; elapsed = 00:00:44 . Memory (MB): peak = 620.773 ; gain = 411.109
INFO: [Project 1-571] Translating synthesized netlist
INFO: [Netlist 29-17] Analyzing 7 Unisim elements for replacement
INFO: [Netlist 29-28] Unisim Transformation completed in 0 CPU seconds
INFO: [Project 1-570] Preparing netlist for logic optimization
INFO: [Opt 31-138] Pushed 0 inverter(s) to 0 load pin(s).
INFO: [Project 1-111] Unisim Transformation Summary:
No Unisim elements were transformed.

INFO: [Common 17-83] Releasing license: Synthesis
72 Infos, 4 Warnings, 0 Critical Warnings and 0 Errors encountered.
synth_design completed successfully
synth_design: Time (s): cpu = 00:00:29 ; elapsed = 00:00:41 . Memory (MB): peak = 620.773 ; gain = 411.109
INFO: [Common 17-1381] The checkpoint 'D:/ECE 440/project5/project5/project5.runs/synth_1/Project5.dcp' has been generated.
report_utilization: Time (s): cpu = 00:00:00 ; elapsed = 00:00:00.046 . Memory (MB): peak = 620.773 ; gain = 0.000
INFO: [Common 17-206] Exiting Vivado at Sun Mar 01 10:52:41 2020...
