
*** Running vivado
    with args -log dist_mem_gen_0.vds -m64 -product Vivado -mode batch -messageDb vivado.pb -notrace -source dist_mem_gen_0.tcl


****** Vivado v2016.4 (64-bit)
  **** SW Build 1756540 on Mon Jan 23 19:11:23 MST 2017
  **** IP Build 1755317 on Mon Jan 23 20:30:07 MST 2017
    ** Copyright 1986-2016 Xilinx, Inc. All Rights Reserved.

source dist_mem_gen_0.tcl -notrace
Starting RTL Elaboration : Time (s): cpu = 00:00:07 ; elapsed = 00:00:12 . Memory (MB): peak = 290.578 ; gain = 80.660
INFO: [Synth 8-638] synthesizing module 'dist_mem_gen_0' [d:/ECE 440/project4/project4/project4.srcs/sources_1/ip/dist_mem_gen_0/synth/dist_mem_gen_0.vhd:69]
INFO: [Synth 8-256] done synthesizing module 'dist_mem_gen_0' (4#1) [d:/ECE 440/project4/project4/project4.srcs/sources_1/ip/dist_mem_gen_0/synth/dist_mem_gen_0.vhd:69]
Finished RTL Elaboration : Time (s): cpu = 00:00:09 ; elapsed = 00:00:13 . Memory (MB): peak = 328.754 ; gain = 118.836
Finished RTL Optimization Phase 1 : Time (s): cpu = 00:00:09 ; elapsed = 00:00:14 . Memory (MB): peak = 328.754 ; gain = 118.836
INFO: [Device 21-403] Loading part xc7z010clg400-1
Constraint Validation Runtime : Time (s): cpu = 00:00:00 ; elapsed = 00:00:00.043 . Memory (MB): peak = 552.090 ; gain = 0.000
Finished Constraint Validation : Time (s): cpu = 00:00:24 ; elapsed = 00:00:36 . Memory (MB): peak = 552.090 ; gain = 342.172
Finished Loading Part and Timing Information : Time (s): cpu = 00:00:24 ; elapsed = 00:00:36 . Memory (MB): peak = 552.090 ; gain = 342.172
Finished applying 'set_property' XDC Constraints : Time (s): cpu = 00:00:24 ; elapsed = 00:00:36 . Memory (MB): peak = 552.090 ; gain = 342.172
Finished RTL Optimization Phase 2 : Time (s): cpu = 00:00:24 ; elapsed = 00:00:36 . Memory (MB): peak = 552.090 ; gain = 342.172
Finished Cross Boundary and Area Optimization : Time (s): cpu = 00:00:25 ; elapsed = 00:00:37 . Memory (MB): peak = 552.090 ; gain = 342.172
---------------------------------------------------------------------------------
Start ROM, RAM, DSP and Shift Register Reporting
---------------------------------------------------------------------------------

Distributed RAM: Preliminary Mapping  Report (see note below)
+---------------------+-----------------------------------------------------------+----------------+----------------------+----------------+
|Module Name          | RTL Object                                                | Inference      | Size (Depth x Width) | Primitives     | 
+---------------------+-----------------------------------------------------------+----------------+----------------------+----------------+
|dist_mem_gen_v8_0_11 | synth_options.dist_mem_inst/gen_sp_ram.spram_inst/ram_reg | User Attribute | 16 x 2               | RAM16X1S x 2   | 
+---------------------+-----------------------------------------------------------+----------------+----------------------+----------------+

Note: The table above is a preliminary report that shows the Distributed RAMs at the current stage of the synthesis flow. Some Distributed RAMs may be reimplemented as non Distributed RAM primitives later in the synthesis flow. Multiple instantiated RAMs are reported only once.
---------------------------------------------------------------------------------
Finished ROM, RAM, DSP and Shift Register Reporting
---------------------------------------------------------------------------------
Finished Applying XDC Timing Constraints : Time (s): cpu = 00:00:44 ; elapsed = 00:00:58 . Memory (MB): peak = 574.332 ; gain = 364.414
Finished Timing Optimization : Time (s): cpu = 00:00:44 ; elapsed = 00:00:58 . Memory (MB): peak = 574.332 ; gain = 364.414
Finished Technology Mapping : Time (s): cpu = 00:00:44 ; elapsed = 00:00:58 . Memory (MB): peak = 594.695 ; gain = 384.777
Finished IO Insertion : Time (s): cpu = 00:00:45 ; elapsed = 00:00:59 . Memory (MB): peak = 594.695 ; gain = 384.777
Finished Renaming Generated Instances : Time (s): cpu = 00:00:45 ; elapsed = 00:00:59 . Memory (MB): peak = 594.695 ; gain = 384.777
Finished Rebuilding User Hierarchy : Time (s): cpu = 00:00:45 ; elapsed = 00:00:59 . Memory (MB): peak = 594.695 ; gain = 384.777
Finished Renaming Generated Ports : Time (s): cpu = 00:00:45 ; elapsed = 00:00:59 . Memory (MB): peak = 594.695 ; gain = 384.777
Finished Handling Custom Attributes : Time (s): cpu = 00:00:45 ; elapsed = 00:00:59 . Memory (MB): peak = 594.695 ; gain = 384.777
Finished Renaming Generated Nets : Time (s): cpu = 00:00:45 ; elapsed = 00:00:59 . Memory (MB): peak = 594.695 ; gain = 384.777

Report Cell Usage: 
+------+---------+------+
|      |Cell     |Count |
+------+---------+------+
|1     |RAM16X1S |     2|
|2     |FDRE     |     2|
+------+---------+------+
Finished Writing Synthesis Report : Time (s): cpu = 00:00:45 ; elapsed = 00:00:59 . Memory (MB): peak = 594.695 ; gain = 384.777
synth_design: Time (s): cpu = 00:00:45 ; elapsed = 00:00:56 . Memory (MB): peak = 607.633 ; gain = 392.637
