
*** Running vivado
    with args -log design_1_handshake_wrapper_0_0.vds -m64 -product Vivado -mode batch -messageDb vivado.pb -notrace -source design_1_handshake_wrapper_0_0.tcl


****** Vivado v2016.4 (64-bit)
  **** SW Build 1756540 on Mon Jan 23 19:11:23 MST 2017
  **** IP Build 1755317 on Mon Jan 23 20:30:07 MST 2017
    ** Copyright 1986-2016 Xilinx, Inc. All Rights Reserved.

source design_1_handshake_wrapper_0_0.tcl -notrace
Command: synth_design -top design_1_handshake_wrapper_0_0 -part xc7z010clg400-1 -mode out_of_context
Starting synth_design
Attempting to get a license for feature 'Synthesis' and/or device 'xc7z010'
INFO: [Common 17-349] Got license for feature 'Synthesis' and/or device 'xc7z010'
INFO: Launching helper process for spawning children vivado processes
INFO: Helper process launched with PID 14216 
---------------------------------------------------------------------------------
Starting RTL Elaboration : Time (s): cpu = 00:00:10 ; elapsed = 00:00:16 . Memory (MB): peak = 293.867 ; gain = 83.523
---------------------------------------------------------------------------------
INFO: [Synth 8-638] synthesizing module 'design_1_handshake_wrapper_0_0' [c:/ECE_440/project11/project_11/project_11.srcs/sources_1/bd/design_1/ip/design_1_handshake_wrapper_0_0/synth/design_1_handshake_wrapper_0_0.sv:57]
INFO: [Synth 8-638] synthesizing module 'handshake_wrapper' [c:/ECE_440/project11/project_11/project_11.srcs/sources_1/bd/design_1/ipshared/0452/handshake_wrapper.sv:23]
INFO: [Synth 8-638] synthesizing module 'factorial' [c:/ECE_440/project11/project_11/project_11.srcs/sources_1/bd/design_1/ipshared/0452/factorial.sv:23]
INFO: [Synth 8-638] synthesizing module 'multiplier' [c:/ECE_440/project11/project_11/project_11.srcs/sources_1/bd/design_1/ipshared/0452/multiply.sv:23]
INFO: [Synth 8-155] case statement is not full and has no default [c:/ECE_440/project11/project_11/project_11.srcs/sources_1/bd/design_1/ipshared/0452/multiply.sv:44]
INFO: [Synth 8-256] done synthesizing module 'multiplier' (1#1) [c:/ECE_440/project11/project_11/project_11.srcs/sources_1/bd/design_1/ipshared/0452/multiply.sv:23]
INFO: [Synth 8-256] done synthesizing module 'factorial' (2#1) [c:/ECE_440/project11/project_11/project_11.srcs/sources_1/bd/design_1/ipshared/0452/factorial.sv:23]
INFO: [Synth 8-256] done synthesizing module 'handshake_wrapper' (3#1) [c:/ECE_440/project11/project_11/project_11.srcs/sources_1/bd/design_1/ipshared/0452/handshake_wrapper.sv:23]
INFO: [Synth 8-256] done synthesizing module 'design_1_handshake_wrapper_0_0' (4#1) [c:/ECE_440/project11/project_11/project_11.srcs/sources_1/bd/design_1/ip/design_1_handshake_wrapper_0_0/synth/design_1_handshake_wrapper_0_0.sv:57]
---------------------------------------------------------------------------------
Finished RTL Elaboration : Time (s): cpu = 00:00:11 ; elapsed = 00:00:18 . Memory (MB): peak = 331.102 ; gain = 120.758
---------------------------------------------------------------------------------

Report Check Netlist: 
+------+------------------+-------+---------+-------+------------------+
|      |Item              |Errors |Warnings |Status |Description       |
+------+------------------+-------+---------+-------+------------------+
|1     |multi_driven_nets |      0|        0|Passed |Multi driven nets |
+------+------------------+-------+---------+-------+------------------+
---------------------------------------------------------------------------------
Finished RTL Optimization Phase 1 : Time (s): cpu = 00:00:11 ; elapsed = 00:00:19 . Memory (MB): peak = 331.102 ; gain = 120.758
---------------------------------------------------------------------------------
INFO: [Device 21-403] Loading part xc7z010clg400-1
INFO: [Project 1-570] Preparing netlist for logic optimization

Processing XDC Constraints
Initializing timing engine
Completed Processing XDC Constraints

INFO: [Project 1-111] Unisim Transformation Summary:
No Unisim elements were transformed.

Constraint Validation Runtime : Time (s): cpu = 00:00:00 ; elapsed = 00:00:00.214 . Memory (MB): peak = 619.082 ; gain = 0.129
---------------------------------------------------------------------------------
Finished Constraint Validation : Time (s): cpu = 00:00:24 ; elapsed = 00:00:35 . Memory (MB): peak = 619.082 ; gain = 408.738
---------------------------------------------------------------------------------
---------------------------------------------------------------------------------
Start Loading Part and Timing Information
---------------------------------------------------------------------------------
Loading part: xc7z010clg400-1
---------------------------------------------------------------------------------
Finished Loading Part and Timing Information : Time (s): cpu = 00:00:24 ; elapsed = 00:00:35 . Memory (MB): peak = 619.082 ; gain = 408.738
---------------------------------------------------------------------------------
---------------------------------------------------------------------------------
Start Applying 'set_property' XDC Constraints
---------------------------------------------------------------------------------
---------------------------------------------------------------------------------
Finished applying 'set_property' XDC Constraints : Time (s): cpu = 00:00:24 ; elapsed = 00:00:35 . Memory (MB): peak = 619.082 ; gain = 408.738
---------------------------------------------------------------------------------
INFO: [Synth 8-5544] ROM "done" won't be mapped to Block RAM because address size (2) smaller than threshold (5)
INFO: [Synth 8-5544] ROM "done_flag" won't be mapped to Block RAM because address size (2) smaller than threshold (5)
INFO: [Synth 8-5544] ROM "load" won't be mapped to Block RAM because address size (2) smaller than threshold (5)
INFO: [Synth 8-5544] ROM "ready" won't be mapped to Block RAM because address size (2) smaller than threshold (5)
INFO: [Synth 8-5544] ROM "start" won't be mapped to Block RAM because address size (2) smaller than threshold (5)
---------------------------------------------------------------------------------
Finished RTL Optimization Phase 2 : Time (s): cpu = 00:00:25 ; elapsed = 00:00:35 . Memory (MB): peak = 619.082 ; gain = 408.738
---------------------------------------------------------------------------------

Report RTL Partitions: 
+-+--------------+------------+----------+
| |RTL Partition |Replication |Instances |
+-+--------------+------------+----------+
+-+--------------+------------+----------+
---------------------------------------------------------------------------------
Start RTL Component Statistics 
---------------------------------------------------------------------------------
Detailed RTL Component Info : 
+---Adders : 
	   2 Input     32 Bit       Adders := 4     
+---Registers : 
	               32 Bit    Registers := 8     
	                2 Bit    Registers := 3     
+---Muxes : 
	   4 Input     32 Bit        Muxes := 5     
	   2 Input     32 Bit        Muxes := 1     
	   5 Input      2 Bit        Muxes := 2     
	   2 Input      2 Bit        Muxes := 6     
	   6 Input      2 Bit        Muxes := 1     
	   4 Input      1 Bit        Muxes := 8     
	   2 Input      1 Bit        Muxes := 6     
---------------------------------------------------------------------------------
Finished RTL Component Statistics 
---------------------------------------------------------------------------------
---------------------------------------------------------------------------------
Start RTL Hierarchical Component Statistics 
---------------------------------------------------------------------------------
Hierarchical RTL Component report 
Module multiplier 
Detailed RTL Component Info : 
+---Adders : 
	   2 Input     32 Bit       Adders := 2     
+---Registers : 
	               32 Bit    Registers := 2     
	                2 Bit    Registers := 1     
+---Muxes : 
	   4 Input     32 Bit        Muxes := 2     
	   5 Input      2 Bit        Muxes := 1     
	   2 Input      2 Bit        Muxes := 1     
	   4 Input      1 Bit        Muxes := 3     
	   2 Input      1 Bit        Muxes := 1     
Module factorial 
Detailed RTL Component Info : 
+---Adders : 
	   2 Input     32 Bit       Adders := 2     
+---Registers : 
	               32 Bit    Registers := 4     
	                2 Bit    Registers := 1     
+---Muxes : 
	   4 Input     32 Bit        Muxes := 2     
	   2 Input     32 Bit        Muxes := 1     
	   6 Input      2 Bit        Muxes := 1     
	   2 Input      2 Bit        Muxes := 3     
	   4 Input      1 Bit        Muxes := 3     
	   2 Input      1 Bit        Muxes := 2     
Module handshake_wrapper 
Detailed RTL Component Info : 
+---Registers : 
	               32 Bit    Registers := 2     
	                2 Bit    Registers := 1     
+---Muxes : 
	   4 Input     32 Bit        Muxes := 1     
	   5 Input      2 Bit        Muxes := 1     
	   2 Input      2 Bit        Muxes := 2     
	   4 Input      1 Bit        Muxes := 2     
	   2 Input      1 Bit        Muxes := 3     
---------------------------------------------------------------------------------
Finished RTL Hierarchical Component Statistics
---------------------------------------------------------------------------------
---------------------------------------------------------------------------------
Start Part Resource Summary
---------------------------------------------------------------------------------
Part Resources:
DSPs: 80 (col length:40)
BRAMs: 120 (col length: RAMB18 40 RAMB36 20)
---------------------------------------------------------------------------------
Finished Part Resource Summary
---------------------------------------------------------------------------------
---------------------------------------------------------------------------------
Start Cross Boundary and Area Optimization
---------------------------------------------------------------------------------
---------------------------------------------------------------------------------
Finished Cross Boundary and Area Optimization : Time (s): cpu = 00:00:26 ; elapsed = 00:00:37 . Memory (MB): peak = 619.082 ; gain = 408.738
---------------------------------------------------------------------------------

Report RTL Partitions: 
+-+--------------+------------+----------+
| |RTL Partition |Replication |Instances |
+-+--------------+------------+----------+
+-+--------------+------------+----------+
---------------------------------------------------------------------------------
Start Timing Optimization
---------------------------------------------------------------------------------
---------------------------------------------------------------------------------
Start Applying XDC Timing Constraints
---------------------------------------------------------------------------------
---------------------------------------------------------------------------------
Finished Applying XDC Timing Constraints : Time (s): cpu = 00:00:41 ; elapsed = 00:00:52 . Memory (MB): peak = 619.082 ; gain = 408.738
---------------------------------------------------------------------------------
---------------------------------------------------------------------------------
Finished Timing Optimization : Time (s): cpu = 00:00:41 ; elapsed = 00:00:53 . Memory (MB): peak = 619.082 ; gain = 408.738
---------------------------------------------------------------------------------

Report RTL Partitions: 
+-+--------------+------------+----------+
| |RTL Partition |Replication |Instances |
+-+--------------+------------+----------+
+-+--------------+------------+----------+
---------------------------------------------------------------------------------
Start Technology Mapping
---------------------------------------------------------------------------------
---------------------------------------------------------------------------------
Finished Technology Mapping : Time (s): cpu = 00:00:42 ; elapsed = 00:00:53 . Memory (MB): peak = 619.082 ; gain = 408.738
---------------------------------------------------------------------------------

Report RTL Partitions: 
+-+--------------+------------+----------+
| |RTL Partition |Replication |Instances |
+-+--------------+------------+----------+
+-+--------------+------------+----------+
---------------------------------------------------------------------------------
Start IO Insertion
---------------------------------------------------------------------------------
---------------------------------------------------------------------------------
Start Flattening Before IO Insertion
---------------------------------------------------------------------------------
---------------------------------------------------------------------------------
Finished Flattening Before IO Insertion
---------------------------------------------------------------------------------
---------------------------------------------------------------------------------
Start Final Netlist Cleanup
---------------------------------------------------------------------------------
---------------------------------------------------------------------------------
Finished Final Netlist Cleanup
---------------------------------------------------------------------------------
---------------------------------------------------------------------------------
Finished IO Insertion : Time (s): cpu = 00:00:42 ; elapsed = 00:00:54 . Memory (MB): peak = 619.082 ; gain = 408.738
---------------------------------------------------------------------------------

Report Check Netlist: 
+------+------------------+-------+---------+-------+------------------+
|      |Item              |Errors |Warnings |Status |Description       |
+------+------------------+-------+---------+-------+------------------+
|1     |multi_driven_nets |      0|        0|Passed |Multi driven nets |
+------+------------------+-------+---------+-------+------------------+
---------------------------------------------------------------------------------
Start Renaming Generated Instances
---------------------------------------------------------------------------------
---------------------------------------------------------------------------------
Finished Renaming Generated Instances : Time (s): cpu = 00:00:42 ; elapsed = 00:00:54 . Memory (MB): peak = 619.082 ; gain = 408.738
---------------------------------------------------------------------------------

Report RTL Partitions: 
+-+--------------+------------+----------+
| |RTL Partition |Replication |Instances |
+-+--------------+------------+----------+
+-+--------------+------------+----------+
---------------------------------------------------------------------------------
Start Rebuilding User Hierarchy
---------------------------------------------------------------------------------
---------------------------------------------------------------------------------
Finished Rebuilding User Hierarchy : Time (s): cpu = 00:00:42 ; elapsed = 00:00:54 . Memory (MB): peak = 619.082 ; gain = 408.738
---------------------------------------------------------------------------------
---------------------------------------------------------------------------------
Start Renaming Generated Ports
---------------------------------------------------------------------------------
---------------------------------------------------------------------------------
Finished Renaming Generated Ports : Time (s): cpu = 00:00:42 ; elapsed = 00:00:54 . Memory (MB): peak = 619.082 ; gain = 408.738
---------------------------------------------------------------------------------
---------------------------------------------------------------------------------
Start Handling Custom Attributes
---------------------------------------------------------------------------------
---------------------------------------------------------------------------------
Finished Handling Custom Attributes : Time (s): cpu = 00:00:42 ; elapsed = 00:00:54 . Memory (MB): peak = 619.082 ; gain = 408.738
---------------------------------------------------------------------------------
---------------------------------------------------------------------------------
Start Renaming Generated Nets
---------------------------------------------------------------------------------
---------------------------------------------------------------------------------
Finished Renaming Generated Nets : Time (s): cpu = 00:00:42 ; elapsed = 00:00:54 . Memory (MB): peak = 619.082 ; gain = 408.738
---------------------------------------------------------------------------------
---------------------------------------------------------------------------------
Start Writing Synthesis Report
---------------------------------------------------------------------------------

Report BlackBoxes: 
+-+--------------+----------+
| |BlackBox name |Instances |
+-+--------------+----------+
+-+--------------+----------+

Report Cell Usage: 
+------+-------+------+
|      |Cell   |Count |
+------+-------+------+
|1     |CARRY4 |    35|
|2     |LUT1   |    95|
|3     |LUT2   |    38|
|4     |LUT3   |     2|
|5     |LUT4   |    49|
|6     |LUT5   |     4|
|7     |LUT6   |    22|
|8     |FDRE   |   262|
+------+-------+------+

Report Instance Areas: 
+------+---------+------------------+------+
|      |Instance |Module            |Cells |
+------+---------+------------------+------+
|1     |top      |                  |   507|
|2     |  inst   |handshake_wrapper |   507|
|3     |    f    |factorial         |   437|
|4     |      M  |multiplier        |   199|
+------+---------+------------------+------+
---------------------------------------------------------------------------------
Finished Writing Synthesis Report : Time (s): cpu = 00:00:42 ; elapsed = 00:00:54 . Memory (MB): peak = 619.082 ; gain = 408.738
---------------------------------------------------------------------------------
Synthesis finished with 0 errors, 0 critical warnings and 0 warnings.
Synthesis Optimization Runtime : Time (s): cpu = 00:00:23 ; elapsed = 00:00:33 . Memory (MB): peak = 619.082 ; gain = 113.980
Synthesis Optimization Complete : Time (s): cpu = 00:00:43 ; elapsed = 00:00:54 . Memory (MB): peak = 619.082 ; gain = 408.738
INFO: [Project 1-571] Translating synthesized netlist
INFO: [Netlist 29-17] Analyzing 35 Unisim elements for replacement
INFO: [Netlist 29-28] Unisim Transformation completed in 0 CPU seconds
INFO: [Project 1-570] Preparing netlist for logic optimization
INFO: [Opt 31-138] Pushed 0 inverter(s) to 0 load pin(s).
INFO: [Project 1-111] Unisim Transformation Summary:
No Unisim elements were transformed.

INFO: [Common 17-83] Releasing license: Synthesis
29 Infos, 0 Warnings, 0 Critical Warnings and 0 Errors encountered.
synth_design completed successfully
synth_design: Time (s): cpu = 00:00:40 ; elapsed = 00:00:46 . Memory (MB): peak = 619.082 ; gain = 403.609
INFO: [Common 17-1381] The checkpoint 'C:/ECE_440/project11/project_11/project_11.runs/design_1_handshake_wrapper_0_0_synth_1/design_1_handshake_wrapper_0_0.dcp' has been generated.
