
*** Running vivado
    with args -log ALC.vds -m64 -product Vivado -mode batch -messageDb vivado.pb -notrace -source ALC.tcl


****** Vivado v2016.4 (64-bit)
  **** SW Build 1756540 on Mon Jan 23 19:11:23 MST 2017
  **** IP Build 1755317 on Mon Jan 23 20:30:07 MST 2017
    ** Copyright 1986-2016 Xilinx, Inc. All Rights Reserved.

Sourcing tcl script 'C:/Xilinx/Vivado/2016.4/scripts/init.tcl'
source ALC.tcl -notrace
Command: synth_design -top ALC -part xc7z010clg400-1
Starting synth_design
Attempting to get a license for feature 'Synthesis' and/or device 'xc7z010'
INFO: [Common 17-349] Got license for feature 'Synthesis' and/or device 'xc7z010'
INFO: Launching helper process for spawning children vivado processes
INFO: Helper process launched with PID 19216 
---------------------------------------------------------------------------------
Starting RTL Elaboration : Time (s): cpu = 00:00:05 ; elapsed = 00:00:10 . Memory (MB): peak = 325.531 ; gain = 114.566
---------------------------------------------------------------------------------
INFO: [Synth 8-638] synthesizing module 'ALC' [F:/ECE 440/project6/project6/project6.srcs/sources_1/new/ALC_dbug.sv:23]
INFO: [Synth 8-638] synthesizing module 'dist_mem_gen_0' [F:/ECE 440/project6/project6/project6.runs/synth_1/.Xil/Vivado-20476-ece-bel215-15/realtime/dist_mem_gen_0_stub.v:6]
INFO: [Synth 8-256] done synthesizing module 'dist_mem_gen_0' (1#1) [F:/ECE 440/project6/project6/project6.runs/synth_1/.Xil/Vivado-20476-ece-bel215-15/realtime/dist_mem_gen_0_stub.v:6]
INFO: [Synth 8-256] done synthesizing module 'ALC' (2#1) [F:/ECE 440/project6/project6/project6.srcs/sources_1/new/ALC_dbug.sv:23]
---------------------------------------------------------------------------------
Finished RTL Elaboration : Time (s): cpu = 00:00:05 ; elapsed = 00:00:11 . Memory (MB): peak = 362.688 ; gain = 151.723
---------------------------------------------------------------------------------

Report Check Netlist: 
+------+------------------+-------+---------+-------+------------------+
|      |Item              |Errors |Warnings |Status |Description       |
+------+------------------+-------+---------+-------+------------------+
|1     |multi_driven_nets |      0|        0|Passed |Multi driven nets |
+------+------------------+-------+---------+-------+------------------+
---------------------------------------------------------------------------------
Finished RTL Optimization Phase 1 : Time (s): cpu = 00:00:06 ; elapsed = 00:00:11 . Memory (MB): peak = 362.688 ; gain = 151.723
---------------------------------------------------------------------------------
WARNING: [Project 1-486] Could not resolve non-primitive black box cell 'dist_mem_gen_0' instantiated as 'mem1' [F:/ECE 440/project6/project6/project6.srcs/sources_1/new/ALC_dbug.sv:32]
INFO: [Device 21-403] Loading part xc7z010clg400-1
INFO: [Project 1-570] Preparing netlist for logic optimization

Processing XDC Constraints
Initializing timing engine
Parsing XDC File [F:/ECE 440/project6/project6/project6.runs/synth_1/.Xil/Vivado-20476-ece-bel215-15/dcp/dist_mem_gen_0_in_context.xdc] for cell 'mem1'
Finished Parsing XDC File [F:/ECE 440/project6/project6/project6.runs/synth_1/.Xil/Vivado-20476-ece-bel215-15/dcp/dist_mem_gen_0_in_context.xdc] for cell 'mem1'
Parsing XDC File [F:/ECE 440/project6/project6/project6.srcs/constrs_1/new/constr.xdc]
WARNING: [Vivado 12-507] No nets matched 'dout_OBUF[0]'. [F:/ECE 440/project6/project6/project6.srcs/constrs_1/new/constr.xdc:410]
WARNING: [Vivado 12-507] No nets matched 'dout_OBUF[1]'. [F:/ECE 440/project6/project6/project6.srcs/constrs_1/new/constr.xdc:411]
WARNING: [Vivado 12-507] No nets matched 'rst_IBUF'. [F:/ECE 440/project6/project6/project6.srcs/constrs_1/new/constr.xdc:412]
WARNING: [Vivado 12-507] No nets matched 'mem1_i_3_n_0'. [F:/ECE 440/project6/project6/project6.srcs/constrs_1/new/constr.xdc:414]
WARNING: [Vivado 12-507] No nets matched 'count_reg__1[3]'. [F:/ECE 440/project6/project6/project6.srcs/constrs_1/new/constr.xdc:417]
WARNING: [Vivado 12-507] No nets matched 'count_reg__1[0]'. [F:/ECE 440/project6/project6/project6.srcs/constrs_1/new/constr.xdc:418]
WARNING: [Vivado 12-507] No nets matched 'count_reg__0[1]'. [F:/ECE 440/project6/project6/project6.srcs/constrs_1/new/constr.xdc:419]
WARNING: [Vivado 12-507] No nets matched 'count_reg__0[2]'. [F:/ECE 440/project6/project6/project6.srcs/constrs_1/new/constr.xdc:420]
WARNING: [Vivado 12-507] No nets matched 'mem1/we'. [F:/ECE 440/project6/project6/project6.srcs/constrs_1/new/constr.xdc:421]
WARNING: [Vivado 12-507] No nets matched 'mem1/spo[1]'. [F:/ECE 440/project6/project6/project6.srcs/constrs_1/new/constr.xdc:422]
WARNING: [Vivado 12-507] No nets matched 'mem1/spo[0]'. [F:/ECE 440/project6/project6/project6.srcs/constrs_1/new/constr.xdc:423]
WARNING: [Vivado 12-507] No nets matched 'mem1/a[3]'. [F:/ECE 440/project6/project6/project6.srcs/constrs_1/new/constr.xdc:424]
WARNING: [Vivado 12-507] No nets matched 'mem1/a[2]'. [F:/ECE 440/project6/project6/project6.srcs/constrs_1/new/constr.xdc:425]
WARNING: [Vivado 12-507] No nets matched 'mem1/a[1]'. [F:/ECE 440/project6/project6/project6.srcs/constrs_1/new/constr.xdc:426]
WARNING: [Vivado 12-507] No nets matched 'mem1/a[0]'. [F:/ECE 440/project6/project6/project6.srcs/constrs_1/new/constr.xdc:427]
Finished Parsing XDC File [F:/ECE 440/project6/project6/project6.srcs/constrs_1/new/constr.xdc]
WARNING: [Project 1-498] One or more constraints failed evaluation while reading constraint file [F:/ECE 440/project6/project6/project6.srcs/constrs_1/new/constr.xdc] and the design contains unresolved black boxes. These constraints will be read post-synthesis (as long as their source constraint file is marked as used_in_implementation) and should be applied correctly then. You should review the constraints listed in the file [.Xil/ALC_propImpl.xdc] and check the run log file to verify that these constraints were correctly applied.
INFO: [Project 1-236] Implementation specific constraints were found while reading constraint file [F:/ECE 440/project6/project6/project6.srcs/constrs_1/new/constr.xdc]. These constraints will be ignored for synthesis but will be used in implementation. Impacted constraints are listed in the file [.Xil/ALC_propImpl.xdc].
Resolution: To avoid this warning, move constraints listed in [.Xil/ALC_propImpl.xdc] to another XDC file and exclude this new file from synthesis with the used_in_synthesis property (File Properties dialog in GUI) and re-run elaboration/synthesis.
Completed Processing XDC Constraints

INFO: [Project 1-111] Unisim Transformation Summary:
No Unisim elements were transformed.

Constraint Validation Runtime : Time (s): cpu = 00:00:00 ; elapsed = 00:00:00.011 . Memory (MB): peak = 619.461 ; gain = 0.000
---------------------------------------------------------------------------------
Finished Constraint Validation : Time (s): cpu = 00:00:12 ; elapsed = 00:00:24 . Memory (MB): peak = 619.461 ; gain = 408.496
---------------------------------------------------------------------------------
---------------------------------------------------------------------------------
Start Loading Part and Timing Information
---------------------------------------------------------------------------------
Loading part: xc7z010clg400-1
---------------------------------------------------------------------------------
Finished Loading Part and Timing Information : Time (s): cpu = 00:00:12 ; elapsed = 00:00:24 . Memory (MB): peak = 619.461 ; gain = 408.496
---------------------------------------------------------------------------------
---------------------------------------------------------------------------------
Start Applying 'set_property' XDC Constraints
---------------------------------------------------------------------------------
---------------------------------------------------------------------------------
Finished applying 'set_property' XDC Constraints : Time (s): cpu = 00:00:12 ; elapsed = 00:00:24 . Memory (MB): peak = 619.461 ; gain = 408.496
---------------------------------------------------------------------------------
---------------------------------------------------------------------------------
Finished RTL Optimization Phase 2 : Time (s): cpu = 00:00:13 ; elapsed = 00:00:24 . Memory (MB): peak = 619.461 ; gain = 408.496
---------------------------------------------------------------------------------

Report RTL Partitions: 
+-+--------------+------------+----------+
| |RTL Partition |Replication |Instances |
+-+--------------+------------+----------+
+-+--------------+------------+----------+
---------------------------------------------------------------------------------
Start RTL Component Statistics 
---------------------------------------------------------------------------------
Detailed RTL Component Info : 
+---Adders : 
	   2 Input      4 Bit       Adders := 1     
	   2 Input      2 Bit       Adders := 1     
+---Registers : 
	                4 Bit    Registers := 1     
	                2 Bit    Registers := 1     
---------------------------------------------------------------------------------
Finished RTL Component Statistics 
---------------------------------------------------------------------------------
---------------------------------------------------------------------------------
Start RTL Hierarchical Component Statistics 
---------------------------------------------------------------------------------
Hierarchical RTL Component report 
Module ALC 
Detailed RTL Component Info : 
+---Adders : 
	   2 Input      4 Bit       Adders := 1     
	   2 Input      2 Bit       Adders := 1     
+---Registers : 
	                4 Bit    Registers := 1     
	                2 Bit    Registers := 1     
---------------------------------------------------------------------------------
Finished RTL Hierarchical Component Statistics
---------------------------------------------------------------------------------
---------------------------------------------------------------------------------
Start Part Resource Summary
---------------------------------------------------------------------------------
Part Resources:
DSPs: 80 (col length:40)
BRAMs: 120 (col length: RAMB18 40 RAMB36 20)
---------------------------------------------------------------------------------
Finished Part Resource Summary
---------------------------------------------------------------------------------
---------------------------------------------------------------------------------
Start Cross Boundary and Area Optimization
---------------------------------------------------------------------------------
---------------------------------------------------------------------------------
Finished Cross Boundary and Area Optimization : Time (s): cpu = 00:00:13 ; elapsed = 00:00:24 . Memory (MB): peak = 619.461 ; gain = 408.496
---------------------------------------------------------------------------------

Report RTL Partitions: 
+-+--------------+------------+----------+
| |RTL Partition |Replication |Instances |
+-+--------------+------------+----------+
+-+--------------+------------+----------+
---------------------------------------------------------------------------------
Start Timing Optimization
---------------------------------------------------------------------------------
---------------------------------------------------------------------------------
Start Applying XDC Timing Constraints
---------------------------------------------------------------------------------
---------------------------------------------------------------------------------
Finished Applying XDC Timing Constraints : Time (s): cpu = 00:00:21 ; elapsed = 00:00:32 . Memory (MB): peak = 620.785 ; gain = 409.820
---------------------------------------------------------------------------------
---------------------------------------------------------------------------------
Finished Timing Optimization : Time (s): cpu = 00:00:21 ; elapsed = 00:00:32 . Memory (MB): peak = 630.395 ; gain = 419.430
---------------------------------------------------------------------------------

Report RTL Partitions: 
+-+--------------+------------+----------+
| |RTL Partition |Replication |Instances |
+-+--------------+------------+----------+
+-+--------------+------------+----------+
---------------------------------------------------------------------------------
Start Technology Mapping
---------------------------------------------------------------------------------
---------------------------------------------------------------------------------
Finished Technology Mapping : Time (s): cpu = 00:00:21 ; elapsed = 00:00:32 . Memory (MB): peak = 640.105 ; gain = 429.141
---------------------------------------------------------------------------------

Report RTL Partitions: 
+-+--------------+------------+----------+
| |RTL Partition |Replication |Instances |
+-+--------------+------------+----------+
+-+--------------+------------+----------+
---------------------------------------------------------------------------------
Start IO Insertion
---------------------------------------------------------------------------------
---------------------------------------------------------------------------------
Start Flattening Before IO Insertion
---------------------------------------------------------------------------------
---------------------------------------------------------------------------------
Finished Flattening Before IO Insertion
---------------------------------------------------------------------------------
---------------------------------------------------------------------------------
Start Final Netlist Cleanup
---------------------------------------------------------------------------------
---------------------------------------------------------------------------------
Finished Final Netlist Cleanup
---------------------------------------------------------------------------------
---------------------------------------------------------------------------------
Finished IO Insertion : Time (s): cpu = 00:00:21 ; elapsed = 00:00:33 . Memory (MB): peak = 640.105 ; gain = 429.141
---------------------------------------------------------------------------------

Report Check Netlist: 
+------+------------------+-------+---------+-------+------------------+
|      |Item              |Errors |Warnings |Status |Description       |
+------+------------------+-------+---------+-------+------------------+
|1     |multi_driven_nets |      0|        0|Passed |Multi driven nets |
+------+------------------+-------+---------+-------+------------------+
---------------------------------------------------------------------------------
Start Renaming Generated Instances
---------------------------------------------------------------------------------
---------------------------------------------------------------------------------
Finished Renaming Generated Instances : Time (s): cpu = 00:00:21 ; elapsed = 00:00:33 . Memory (MB): peak = 640.105 ; gain = 429.141
---------------------------------------------------------------------------------

Report RTL Partitions: 
+-+--------------+------------+----------+
| |RTL Partition |Replication |Instances |
+-+--------------+------------+----------+
+-+--------------+------------+----------+
---------------------------------------------------------------------------------
Start Rebuilding User Hierarchy
---------------------------------------------------------------------------------
---------------------------------------------------------------------------------
Finished Rebuilding User Hierarchy : Time (s): cpu = 00:00:21 ; elapsed = 00:00:33 . Memory (MB): peak = 640.105 ; gain = 429.141
---------------------------------------------------------------------------------
---------------------------------------------------------------------------------
Start Renaming Generated Ports
---------------------------------------------------------------------------------
---------------------------------------------------------------------------------
Finished Renaming Generated Ports : Time (s): cpu = 00:00:21 ; elapsed = 00:00:33 . Memory (MB): peak = 640.105 ; gain = 429.141
---------------------------------------------------------------------------------
---------------------------------------------------------------------------------
Start Handling Custom Attributes
---------------------------------------------------------------------------------
---------------------------------------------------------------------------------
Finished Handling Custom Attributes : Time (s): cpu = 00:00:21 ; elapsed = 00:00:33 . Memory (MB): peak = 640.105 ; gain = 429.141
---------------------------------------------------------------------------------
---------------------------------------------------------------------------------
Start Renaming Generated Nets
---------------------------------------------------------------------------------
---------------------------------------------------------------------------------
Finished Renaming Generated Nets : Time (s): cpu = 00:00:21 ; elapsed = 00:00:33 . Memory (MB): peak = 640.105 ; gain = 429.141
---------------------------------------------------------------------------------
---------------------------------------------------------------------------------
Start Writing Synthesis Report
---------------------------------------------------------------------------------

Report BlackBoxes: 
+------+---------------+----------+
|      |BlackBox name  |Instances |
+------+---------------+----------+
|1     |dist_mem_gen_0 |         1|
+------+---------------+----------+

Report Cell Usage: 
+------+---------------+------+
|      |Cell           |Count |
+------+---------------+------+
|1     |dist_mem_gen_0 |     1|
|2     |BUFG           |     1|
|3     |LUT1           |     2|
|4     |LUT2           |     3|
|5     |LUT3           |     1|
|6     |LUT4           |     1|
|7     |FDRE           |     6|
|8     |IBUF           |     2|
|9     |OBUF           |     2|
+------+---------------+------+

Report Instance Areas: 
+------+---------+-------+------+
|      |Instance |Module |Cells |
+------+---------+-------+------+
|1     |top      |       |    20|
+------+---------+-------+------+
---------------------------------------------------------------------------------
Finished Writing Synthesis Report : Time (s): cpu = 00:00:21 ; elapsed = 00:00:33 . Memory (MB): peak = 640.105 ; gain = 429.141
---------------------------------------------------------------------------------
Synthesis finished with 0 errors, 0 critical warnings and 0 warnings.
Synthesis Optimization Runtime : Time (s): cpu = 00:00:11 ; elapsed = 00:00:16 . Memory (MB): peak = 640.105 ; gain = 130.727
Synthesis Optimization Complete : Time (s): cpu = 00:00:21 ; elapsed = 00:00:33 . Memory (MB): peak = 640.105 ; gain = 429.141
INFO: [Project 1-571] Translating synthesized netlist
INFO: [Netlist 29-17] Analyzing 2 Unisim elements for replacement
INFO: [Netlist 29-28] Unisim Transformation completed in 0 CPU seconds
INFO: [Project 1-570] Preparing netlist for logic optimization
INFO: [Opt 31-138] Pushed 0 inverter(s) to 0 load pin(s).
INFO: [Project 1-111] Unisim Transformation Summary:
No Unisim elements were transformed.

INFO: [Common 17-83] Releasing license: Synthesis
17 Infos, 17 Warnings, 0 Critical Warnings and 0 Errors encountered.
synth_design completed successfully
synth_design: Time (s): cpu = 00:00:20 ; elapsed = 00:00:28 . Memory (MB): peak = 642.547 ; gain = 394.270
INFO: [Common 17-600] The following parameters have non-default value.
general.maxThreads
INFO: [Common 17-1381] The checkpoint 'F:/ECE 440/project6/project6/project6.runs/synth_1/ALC.dcp' has been generated.
report_utilization: Time (s): cpu = 00:00:00 ; elapsed = 00:00:00.038 . Memory (MB): peak = 642.547 ; gain = 0.000
INFO: [Common 17-206] Exiting Vivado at Wed Mar 04 12:55:07 2020...
