Exception at PC 0x00007FFD9E33A839
Unable to capture context for thread 12656 in process 16948, can not generate back trace
Unable to capture context for thread 9596 in process 16948, can not generate back trace
Exception at PC 0x00007FFD9E33A839
Unable to capture context for thread 12408 in process 16948, can not generate back trace
Exception at PC 0x00007FFD0D12BB93
Printing stacktrace...

Unable to capture context for thread 12408 in process 16948, can not generate back trace
Exception at PC 0x00007FFD9E33A839
Exception at PC 0x00007FFD9E33A839
Exception at PC 0x00007FFD9E33A839
Exception at PC 0x00007FFD9E33A839
Exception at PC 0x00007FFD9E33A839
Exception at PC 0x00007FFD9E33A839
Exception at PC 0x00007FFD9E33A839
Exception at PC 0x00007FFD9E33A839
Exception at PC 0x00007FFD9E33A839
Exception at PC 0x00007FFD9E33A839
Exception at PC 0x00007FFD9E33A839
[0]  [0x00007FFD0D12BB93]
[1]  [0x00007FFD0D12BB93]
[2]  [0x00007FFD0D12B4A1]
[3]  [0x00007FFD0D12B3EF]
[4]  [0x00007FFD0D1119FE]
[5]  [0x00007FFD0D110ED1]
[6]  [0x00007FFD0D110D76]
[7]  [0x00007FFD0D0B79F6]
[8]  [0x00007FFD0D0A7AFB]
[9]  [0x00007FFD0D1CE90A]
[10]  [0x00007FFD0D1E9F87]
[11]  [0x00007FFD0D1EA05F]
[12] (BaseThreadInitThunk+0x14) [0x00007FFD9FA77BD4]
[13] (RtlUserThreadStart+0x21) [0x00007FFDA08ECED1]
Done
Exception at PC 0x00007FFD9E33A839
Exception at PC 0x00007FFD9E33A839
Exception at PC 0x00007FFD9E33A839
Exception at PC 0x00007FFD9E33A839
