Unable to capture context for thread 14216 in process 5920, can not generate back trace
Unable to capture context for thread 11632 in process 5920, can not generate back trace
Exception at PC 0x00007FF8AFC7A839
Unable to capture context for thread 4876 in process 5920, can not generate back trace
Exception at PC 0x00007FF86CA0BB93
Printing stacktrace...

Unable to capture context for thread 4876 in process 5920, can not generate back trace
Exception at PC 0x00007FF8AFC7A839
Exception at PC 0x00007FF8AFC7A839
Exception at PC 0x00007FF8AFC7A839
Exception at PC 0x00007FF8AFC7A839
Exception at PC 0x00007FF8AFC7A839
Exception at PC 0x00007FF8AFC7A839
Exception at PC 0x00007FF8AFC7A839
Exception at PC 0x00007FF8AFC7A839
Exception at PC 0x00007FF8AFC7A839
Exception at PC 0x00007FF8AFC7A839
Exception at PC 0x00007FF8AFC7A839
Exception at PC 0x00007FF8AFC7A839
Exception at PC 0x00007FF8AFC7A839
[0]  [0x00007FF86CA0BB93]
[1]  [0x00007FF86CA0BB93]
[2]  [0x00007FF86CA0B4A1]
[3]  [0x00007FF86CA0B3EF]
[4]  [0x00007FF86C9F19FE]
[5]  [0x00007FF86C9F0ED1]
[6]  [0x00007FF86C9F0D76]
[7]  [0x00007FF86C9979F6]
[8]  [0x00007FF86C987AFB]
[9]  [0x00007FF86CAAE90A]
[10]  [0x00007FF86CAC9F87]
[11]  [0x00007FF86CACA05F]
[12] (BaseThreadInitThunk+0x14) [0x00007FF8B1A57BD4]
[13] (RtlUserThreadStart+0x21) [0x00007FF8B22CCED1]
Done
Exception at PC 0x00007FF8AFC7A839
Exception at PC 0x00007FF8AFC7A839
Exception at PC 0x00007FF8AFC7A839
