15:20:35 INFO  : Registering command handlers for SDK TCF services
15:20:36 INFO  : Launching XSCT server: xsct.bat -interactive C:\ECE_440\project9\led_controller\led_controller.sdk\temp_xsdb_launch_script.tcl
15:20:41 INFO  : XSCT server has started successfully.
15:20:41 INFO  : Successfully done setting XSCT server connection channel  
15:20:45 INFO  : Successfully done setting SDK workspace  
15:20:45 INFO  : Processing command line option -hwspec C:/ECE_440/project9/led_controller/led_controller.sdk/led_test_system_wrapper.hdf.
15:26:30 INFO  : Saving repository preferences.
15:26:30 INFO  : Reading in cores from local repositories: 
		 C:\ECE_440\project9\ip_repo\led_controller_1.0
15:26:30 INFO  : Cleaning BSP projects in the workspace.
15:28:23 INFO  : No changes in MSS file content so not generating sources.
15:36:28 INFO  : Registering command handlers for SDK TCF services
15:36:28 INFO  : Launching XSCT server: xsct.bat -interactive C:\ECE_440\project9\led_controller\led_controller.sdk\temp_xsdb_launch_script.tcl
15:36:31 INFO  : XSCT server has started successfully.
15:36:31 INFO  : Successfully done setting XSCT server connection channel  
15:36:32 INFO  : Restoring local repository preferences: 
		 C:\ECE_440\project9\ip_repo\led_controller_1.0
15:36:32 INFO  : Successfully done setting SDK workspace  
15:36:32 INFO  : Processing command line option -hwspec C:/ECE_440/project9/led_controller/led_controller.sdk/led_test_system_wrapper.hdf.
15:36:32 INFO  : Checking for hwspec changes in the project led_test_system_wrapper_hw_platform_0.
