
*** Running vivado
    with args -log blk_mem_gen_0.vds -m64 -product Vivado -mode batch -messageDb vivado.pb -notrace -source blk_mem_gen_0.tcl


****** Vivado v2016.4 (64-bit)
  **** SW Build 1756540 on Mon Jan 23 19:11:23 MST 2017
  **** IP Build 1755317 on Mon Jan 23 20:30:07 MST 2017
    ** Copyright 1986-2016 Xilinx, Inc. All Rights Reserved.

source blk_mem_gen_0.tcl -notrace
Starting RTL Elaboration : Time (s): cpu = 00:00:08 ; elapsed = 00:00:13 . Memory (MB): peak = 292.883 ; gain = 82.477
INFO: [Synth 8-638] synthesizing module 'blk_mem_gen_0' [d:/ECE 440/project5/project5/project5.srcs/sources_1/ip/blk_mem_gen_0/synth/blk_mem_gen_0.vhd:73]
INFO: [Synth 8-256] done synthesizing module 'blk_mem_gen_0' (9#1) [d:/ECE 440/project5/project5/project5.srcs/sources_1/ip/blk_mem_gen_0/synth/blk_mem_gen_0.vhd:73]
Finished RTL Elaboration : Time (s): cpu = 00:00:57 ; elapsed = 00:01:09 . Memory (MB): peak = 491.363 ; gain = 280.957
Finished RTL Optimization Phase 1 : Time (s): cpu = 00:00:57 ; elapsed = 00:01:13 . Memory (MB): peak = 491.363 ; gain = 280.957
INFO: [Device 21-403] Loading part xc7z010clg400-1
Constraint Validation Runtime : Time (s): cpu = 00:00:00 ; elapsed = 00:00:00.341 . Memory (MB): peak = 551.133 ; gain = 0.000
Finished Constraint Validation : Time (s): cpu = 00:01:07 ; elapsed = 00:01:31 . Memory (MB): peak = 551.133 ; gain = 340.727
Finished Loading Part and Timing Information : Time (s): cpu = 00:01:07 ; elapsed = 00:01:31 . Memory (MB): peak = 551.133 ; gain = 340.727
Finished applying 'set_property' XDC Constraints : Time (s): cpu = 00:01:07 ; elapsed = 00:01:31 . Memory (MB): peak = 551.133 ; gain = 340.727
Finished RTL Optimization Phase 2 : Time (s): cpu = 00:01:08 ; elapsed = 00:01:32 . Memory (MB): peak = 551.133 ; gain = 340.727
Finished Cross Boundary and Area Optimization : Time (s): cpu = 00:01:08 ; elapsed = 00:01:32 . Memory (MB): peak = 551.133 ; gain = 340.727
Finished Applying XDC Timing Constraints : Time (s): cpu = 00:01:19 ; elapsed = 00:01:43 . Memory (MB): peak = 575.539 ; gain = 365.133
Finished Timing Optimization : Time (s): cpu = 00:01:19 ; elapsed = 00:01:43 . Memory (MB): peak = 575.539 ; gain = 365.133
Finished Technology Mapping : Time (s): cpu = 00:01:19 ; elapsed = 00:01:43 . Memory (MB): peak = 586.172 ; gain = 375.766
Finished IO Insertion : Time (s): cpu = 00:01:19 ; elapsed = 00:01:44 . Memory (MB): peak = 586.172 ; gain = 375.766
Finished Renaming Generated Instances : Time (s): cpu = 00:01:19 ; elapsed = 00:01:44 . Memory (MB): peak = 586.172 ; gain = 375.766
Finished Rebuilding User Hierarchy : Time (s): cpu = 00:01:19 ; elapsed = 00:01:44 . Memory (MB): peak = 586.172 ; gain = 375.766
Finished Renaming Generated Ports : Time (s): cpu = 00:01:19 ; elapsed = 00:01:44 . Memory (MB): peak = 586.172 ; gain = 375.766
Finished Handling Custom Attributes : Time (s): cpu = 00:01:19 ; elapsed = 00:01:44 . Memory (MB): peak = 586.172 ; gain = 375.766
Finished Renaming Generated Nets : Time (s): cpu = 00:01:19 ; elapsed = 00:01:44 . Memory (MB): peak = 586.172 ; gain = 375.766

Report Cell Usage: 
+------+---------+------+
|      |Cell     |Count |
+------+---------+------+
|1     |RAMB18E1 |     1|
+------+---------+------+
Finished Writing Synthesis Report : Time (s): cpu = 00:01:19 ; elapsed = 00:01:44 . Memory (MB): peak = 586.172 ; gain = 375.766
synth_design: Time (s): cpu = 00:01:19 ; elapsed = 00:01:41 . Memory (MB): peak = 613.727 ; gain = 398.191
