INFO: [VRFC 10-2263] Analyzing Verilog file "D:/ECE 440/project6/project6/project6.sim/sim_1/impl/func/tb_func_impl.v" into library xil_defaultlib
INFO: [VRFC 10-311] analyzing module dbg_hub_CV
INFO: [VRFC 10-311] analyzing module dbg_hub_CVclk_x_pntrs
INFO: [VRFC 10-311] analyzing module dbg_hub_CVclk_x_pntrs_3
INFO: [VRFC 10-311] analyzing module dbg_hub_CVdmem
INFO: [VRFC 10-311] analyzing module dbg_hub_CVdmem_9
INFO: [VRFC 10-311] analyzing module dbg_hub_CVfifo_generator_ramfifo
INFO: [VRFC 10-311] analyzing module dbg_hub_CVfifo_generator_ramfifo__parameterized0
INFO: [VRFC 10-311] analyzing module dbg_hub_CVfifo_generator_top
INFO: [VRFC 10-311] analyzing module dbg_hub_CVfifo_generator_top__parameterized0
INFO: [VRFC 10-311] analyzing module dbg_hub_CVfifo_generator_v13_1_3
INFO: [VRFC 10-311] analyzing module dbg_hub_CVfifo_generator_v13_1_3__parameterized0
INFO: [VRFC 10-311] analyzing module dbg_hub_CVfifo_generator_v13_1_3_synth
INFO: [VRFC 10-311] analyzing module dbg_hub_CVfifo_generator_v13_1_3_synth__parameterized0
INFO: [VRFC 10-311] analyzing module dbg_hub_CVltlib_v1_0_0_bscan
INFO: [VRFC 10-311] analyzing module dbg_hub_CVmemory
INFO: [VRFC 10-311] analyzing module dbg_hub_CVmemory__parameterized0
INFO: [VRFC 10-311] analyzing module dbg_hub_CVrd_bin_cntr
INFO: [VRFC 10-311] analyzing module dbg_hub_CVrd_bin_cntr_13
INFO: [VRFC 10-311] analyzing module dbg_hub_CVrd_fwft
INFO: [VRFC 10-311] analyzing module dbg_hub_CVrd_logic
INFO: [VRFC 10-311] analyzing module dbg_hub_CVrd_logic__parameterized0
INFO: [VRFC 10-311] analyzing module dbg_hub_CVrd_status_flags_as
INFO: [VRFC 10-311] analyzing module dbg_hub_CVrd_status_flags_as_12
INFO: [VRFC 10-311] analyzing module dbg_hub_CVreset_blk_ramfifo
INFO: [VRFC 10-311] analyzing module dbg_hub_CVreset_blk_ramfifo_4
INFO: [VRFC 10-311] analyzing module dbg_hub_CVsynchronizer_ff
INFO: [VRFC 10-311] analyzing module dbg_hub_CVsynchronizer_ff_0
INFO: [VRFC 10-311] analyzing module dbg_hub_CVsynchronizer_ff_1
INFO: [VRFC 10-311] analyzing module dbg_hub_CVsynchronizer_ff_2
INFO: [VRFC 10-311] analyzing module dbg_hub_CVsynchronizer_ff_5
INFO: [VRFC 10-311] analyzing module dbg_hub_CVsynchronizer_ff_6
INFO: [VRFC 10-311] analyzing module dbg_hub_CVsynchronizer_ff_7
INFO: [VRFC 10-311] analyzing module dbg_hub_CVsynchronizer_ff_8
INFO: [VRFC 10-311] analyzing module dbg_hub_CVsynchronizer_ff__parameterized0
INFO: [VRFC 10-311] analyzing module dbg_hub_CVsynchronizer_ff__parameterized0_14
INFO: [VRFC 10-311] analyzing module dbg_hub_CVsynchronizer_ff__parameterized1
INFO: [VRFC 10-311] analyzing module dbg_hub_CVsynchronizer_ff__parameterized1_15
INFO: [VRFC 10-311] analyzing module dbg_hub_CVsynchronizer_ff__parameterized2
INFO: [VRFC 10-311] analyzing module dbg_hub_CVsynchronizer_ff__parameterized2_16
INFO: [VRFC 10-311] analyzing module dbg_hub_CVsynchronizer_ff__parameterized3
INFO: [VRFC 10-311] analyzing module dbg_hub_CVsynchronizer_ff__parameterized3_17
INFO: [VRFC 10-311] analyzing module dbg_hub_CVwr_bin_cntr
INFO: [VRFC 10-311] analyzing module dbg_hub_CVwr_bin_cntr_11
INFO: [VRFC 10-311] analyzing module dbg_hub_CVwr_logic
INFO: [VRFC 10-311] analyzing module dbg_hub_CVwr_logic__parameterized0
INFO: [VRFC 10-311] analyzing module dbg_hub_CVwr_status_flags_as
INFO: [VRFC 10-311] analyzing module dbg_hub_CVwr_status_flags_as_10
INFO: [VRFC 10-311] analyzing module dbg_hub_CVxsdbm_v2_0_2_addr_ctl
INFO: [VRFC 10-311] analyzing module dbg_hub_CVxsdbm_v2_0_2_bscan_switch
INFO: [VRFC 10-311] analyzing module dbg_hub_CVxsdbm_v2_0_2_burst_wdlen_ctl
INFO: [VRFC 10-311] analyzing module dbg_hub_CVxsdbm_v2_0_2_bus_ctl
INFO: [VRFC 10-311] analyzing module dbg_hub_CVxsdbm_v2_0_2_bus_ctl_cnt
INFO: [VRFC 10-311] analyzing module dbg_hub_CVxsdbm_v2_0_2_bus_ctl_flg
INFO: [VRFC 10-311] analyzing module dbg_hub_CVxsdbm_v2_0_2_bus_ctl_flg__parameterized0
INFO: [VRFC 10-311] analyzing module dbg_hub_CVxsdbm_v2_0_2_bus_mstr2sl_if
INFO: [VRFC 10-311] analyzing module dbg_hub_CVxsdbm_v2_0_2_cmd_decode
INFO: [VRFC 10-311] analyzing module dbg_hub_CVxsdbm_v2_0_2_ctl_reg
INFO: [VRFC 10-311] analyzing module dbg_hub_CVxsdbm_v2_0_2_ctl_reg__parameterized0
INFO: [VRFC 10-311] analyzing module dbg_hub_CVxsdbm_v2_0_2_ctl_reg__parameterized1
INFO: [VRFC 10-311] analyzing module dbg_hub_CVxsdbm_v2_0_2_ctl_reg__parameterized2
INFO: [VRFC 10-311] analyzing module dbg_hub_CVxsdbm_v2_0_2_icon
INFO: [VRFC 10-311] analyzing module dbg_hub_CVxsdbm_v2_0_2_icon2xsdb
INFO: [VRFC 10-311] analyzing module dbg_hub_CVxsdbm_v2_0_2_if
INFO: [VRFC 10-311] analyzing module dbg_hub_CVxsdbm_v2_0_2_if_static_status
INFO: [VRFC 10-311] analyzing module dbg_hub_CVxsdbm_v2_0_2_rdfifo
INFO: [VRFC 10-311] analyzing module dbg_hub_CVxsdbm_v2_0_2_rdreg
INFO: [VRFC 10-311] analyzing module dbg_hub_CVxsdbm_v2_0_2_stat
INFO: [VRFC 10-311] analyzing module dbg_hub_CVxsdbm_v2_0_2_stat_reg
INFO: [VRFC 10-311] analyzing module dbg_hub_CVxsdbm_v2_0_2_stat_reg__parameterized0
INFO: [VRFC 10-311] analyzing module dbg_hub_CVxsdbm_v2_0_2_stat_reg__parameterized1
INFO: [VRFC 10-311] analyzing module dbg_hub_CVxsdbm_v2_0_2_sync
INFO: [VRFC 10-311] analyzing module dbg_hub_CVxsdbm_v2_0_2_wrfifo
INFO: [VRFC 10-311] analyzing module dbg_hub_CVxsdbm_v2_0_2_wrreg
INFO: [VRFC 10-311] analyzing module dbg_hub_CVxsdbm_v2_0_2_xsdbm
INFO: [VRFC 10-311] analyzing module u_ila_0_CV
INFO: [VRFC 10-311] analyzing module u_ila_0_CVblk_mem_gen_generic_cstr
INFO: [VRFC 10-311] analyzing module u_ila_0_CVblk_mem_gen_prim_width
INFO: [VRFC 10-311] analyzing module u_ila_0_CVblk_mem_gen_prim_wrapper
INFO: [VRFC 10-311] analyzing module u_ila_0_CVblk_mem_gen_top
INFO: [VRFC 10-311] analyzing module u_ila_0_CVblk_mem_gen_v8_3_5
INFO: [VRFC 10-311] analyzing module u_ila_0_CVblk_mem_gen_v8_3_5_synth
INFO: [VRFC 10-311] analyzing module u_ila_0_CVila_v6_2_1_ila
INFO: [VRFC 10-311] analyzing module u_ila_0_CVila_v6_2_1_ila_cap_addrgen
INFO: [VRFC 10-311] analyzing module u_ila_0_CVila_v6_2_1_ila_cap_ctrl_legacy
INFO: [VRFC 10-311] analyzing module u_ila_0_CVila_v6_2_1_ila_cap_sample_counter
INFO: [VRFC 10-311] analyzing module u_ila_0_CVila_v6_2_1_ila_cap_window_counter
INFO: [VRFC 10-311] analyzing module u_ila_0_CVila_v6_2_1_ila_core
INFO: [VRFC 10-311] analyzing module u_ila_0_CVila_v6_2_1_ila_register
INFO: [VRFC 10-311] analyzing module u_ila_0_CVila_v6_2_1_ila_reset_ctrl
INFO: [VRFC 10-311] analyzing module u_ila_0_CVila_v6_2_1_ila_trace_memory
INFO: [VRFC 10-311] analyzing module u_ila_0_CVila_v6_2_1_ila_trig_match
INFO: [VRFC 10-311] analyzing module u_ila_0_CVila_v6_2_1_ila_trigger
INFO: [VRFC 10-311] analyzing module u_ila_0_CVltlib_v1_0_0_all_typeA
INFO: [VRFC 10-311] analyzing module u_ila_0_CVltlib_v1_0_0_all_typeA_0
INFO: [VRFC 10-311] analyzing module u_ila_0_CVltlib_v1_0_0_all_typeA_2
INFO: [VRFC 10-311] analyzing module u_ila_0_CVltlib_v1_0_0_all_typeA_4
INFO: [VRFC 10-311] analyzing module u_ila_0_CVltlib_v1_0_0_all_typeA_6
INFO: [VRFC 10-311] analyzing module u_ila_0_CVltlib_v1_0_0_all_typeA_8
INFO: [VRFC 10-311] analyzing module u_ila_0_CVltlib_v1_0_0_all_typeA__parameterized0
INFO: [VRFC 10-311] analyzing module u_ila_0_CVltlib_v1_0_0_all_typeA__parameterized0_33
INFO: [VRFC 10-311] analyzing module u_ila_0_CVltlib_v1_0_0_all_typeA__parameterized0_41
INFO: [VRFC 10-311] analyzing module u_ila_0_CVltlib_v1_0_0_all_typeA_slice
INFO: [VRFC 10-311] analyzing module u_ila_0_CVltlib_v1_0_0_all_typeA_slice_1
INFO: [VRFC 10-311] analyzing module u_ila_0_CVltlib_v1_0_0_all_typeA_slice_3
INFO: [VRFC 10-311] analyzing module u_ila_0_CVltlib_v1_0_0_all_typeA_slice_5
INFO: [VRFC 10-311] analyzing module u_ila_0_CVltlib_v1_0_0_all_typeA_slice_7
INFO: [VRFC 10-311] analyzing module u_ila_0_CVltlib_v1_0_0_all_typeA_slice_9
INFO: [VRFC 10-311] analyzing module u_ila_0_CVltlib_v1_0_0_all_typeA_slice__parameterized0
INFO: [VRFC 10-311] analyzing module u_ila_0_CVltlib_v1_0_0_all_typeA_slice__parameterized0_34
INFO: [VRFC 10-311] analyzing module u_ila_0_CVltlib_v1_0_0_all_typeA_slice__parameterized0_42
INFO: [VRFC 10-311] analyzing module u_ila_0_CVltlib_v1_0_0_all_typeA_slice__parameterized1
INFO: [VRFC 10-311] analyzing module u_ila_0_CVltlib_v1_0_0_all_typeA_slice__parameterized1_35
INFO: [VRFC 10-311] analyzing module u_ila_0_CVltlib_v1_0_0_all_typeA_slice__parameterized1_43
INFO: [VRFC 10-311] analyzing module u_ila_0_CVltlib_v1_0_0_allx_typeA
INFO: [VRFC 10-311] analyzing module u_ila_0_CVltlib_v1_0_0_allx_typeA__parameterized0
INFO: [VRFC 10-311] analyzing module u_ila_0_CVltlib_v1_0_0_allx_typeA__parameterized1
INFO: [VRFC 10-311] analyzing module u_ila_0_CVltlib_v1_0_0_allx_typeA__parameterized2
INFO: [VRFC 10-311] analyzing module u_ila_0_CVltlib_v1_0_0_allx_typeA__parameterized3
INFO: [VRFC 10-311] analyzing module u_ila_0_CVltlib_v1_0_0_allx_typeA__parameterized4
INFO: [VRFC 10-311] analyzing module u_ila_0_CVltlib_v1_0_0_allx_typeA_nodelay
INFO: [VRFC 10-311] analyzing module u_ila_0_CVltlib_v1_0_0_allx_typeA_nodelay_32
INFO: [VRFC 10-311] analyzing module u_ila_0_CVltlib_v1_0_0_allx_typeA_nodelay_40
INFO: [VRFC 10-311] analyzing module u_ila_0_CVltlib_v1_0_0_async_edge_xfer
INFO: [VRFC 10-311] analyzing module u_ila_0_CVltlib_v1_0_0_async_edge_xfer_10
INFO: [VRFC 10-311] analyzing module u_ila_0_CVltlib_v1_0_0_async_edge_xfer_11
INFO: [VRFC 10-311] analyzing module u_ila_0_CVltlib_v1_0_0_async_edge_xfer_12
INFO: [VRFC 10-311] analyzing module u_ila_0_CVltlib_v1_0_0_cfglut4
INFO: [VRFC 10-311] analyzing module u_ila_0_CVltlib_v1_0_0_cfglut4_36
INFO: [VRFC 10-311] analyzing module u_ila_0_CVltlib_v1_0_0_cfglut5
INFO: [VRFC 10-311] analyzing module u_ila_0_CVltlib_v1_0_0_cfglut5_30
INFO: [VRFC 10-311] analyzing module u_ila_0_CVltlib_v1_0_0_cfglut5_37
INFO: [VRFC 10-311] analyzing module u_ila_0_CVltlib_v1_0_0_cfglut6
INFO: [VRFC 10-311] analyzing module u_ila_0_CVltlib_v1_0_0_cfglut6_38
INFO: [VRFC 10-311] analyzing module u_ila_0_CVltlib_v1_0_0_cfglut6__parameterized0
INFO: [VRFC 10-311] analyzing module u_ila_0_CVltlib_v1_0_0_cfglut7
INFO: [VRFC 10-311] analyzing module u_ila_0_CVltlib_v1_0_0_cfglut7_29
INFO: [VRFC 10-311] analyzing module u_ila_0_CVltlib_v1_0_0_generic_memrd
INFO: [VRFC 10-311] analyzing module u_ila_0_CVltlib_v1_0_0_match
INFO: [VRFC 10-311] analyzing module u_ila_0_CVltlib_v1_0_0_match__parameterized0
INFO: [VRFC 10-311] analyzing module u_ila_0_CVltlib_v1_0_0_match__parameterized1
INFO: [VRFC 10-311] analyzing module u_ila_0_CVltlib_v1_0_0_match__parameterized2
INFO: [VRFC 10-311] analyzing module u_ila_0_CVltlib_v1_0_0_match__parameterized3
INFO: [VRFC 10-311] analyzing module u_ila_0_CVltlib_v1_0_0_match__parameterized4
INFO: [VRFC 10-311] analyzing module u_ila_0_CVltlib_v1_0_0_match_nodelay
INFO: [VRFC 10-311] analyzing module u_ila_0_CVltlib_v1_0_0_match_nodelay_31
INFO: [VRFC 10-311] analyzing module u_ila_0_CVltlib_v1_0_0_match_nodelay_39
INFO: [VRFC 10-311] analyzing module u_ila_0_CVltlib_v1_0_0_rising_edge_detection
INFO: [VRFC 10-311] analyzing module u_ila_0_CVltlib_v1_0_0_rising_edge_detection_13
INFO: [VRFC 10-311] analyzing module u_ila_0_CVxsdbs_v1_0_2_reg__parameterized19
INFO: [VRFC 10-311] analyzing module u_ila_0_CVxsdbs_v1_0_2_reg__parameterized20
INFO: [VRFC 10-311] analyzing module u_ila_0_CVxsdbs_v1_0_2_reg__parameterized21
INFO: [VRFC 10-311] analyzing module u_ila_0_CVxsdbs_v1_0_2_reg__parameterized22
INFO: [VRFC 10-311] analyzing module u_ila_0_CVxsdbs_v1_0_2_reg__parameterized34
INFO: [VRFC 10-311] analyzing module u_ila_0_CVxsdbs_v1_0_2_reg__parameterized35
INFO: [VRFC 10-311] analyzing module u_ila_0_CVxsdbs_v1_0_2_reg__parameterized36
INFO: [VRFC 10-311] analyzing module u_ila_0_CVxsdbs_v1_0_2_reg__parameterized37
INFO: [VRFC 10-311] analyzing module u_ila_0_CVxsdbs_v1_0_2_reg__parameterized38
INFO: [VRFC 10-311] analyzing module u_ila_0_CVxsdbs_v1_0_2_reg__parameterized39
INFO: [VRFC 10-311] analyzing module u_ila_0_CVxsdbs_v1_0_2_reg__parameterized40
INFO: [VRFC 10-311] analyzing module u_ila_0_CVxsdbs_v1_0_2_reg__parameterized41
INFO: [VRFC 10-311] analyzing module u_ila_0_CVxsdbs_v1_0_2_reg__parameterized42
INFO: [VRFC 10-311] analyzing module u_ila_0_CVxsdbs_v1_0_2_reg__parameterized43
INFO: [VRFC 10-311] analyzing module u_ila_0_CVxsdbs_v1_0_2_reg__parameterized44
INFO: [VRFC 10-311] analyzing module u_ila_0_CVxsdbs_v1_0_2_reg__parameterized45
INFO: [VRFC 10-311] analyzing module u_ila_0_CVxsdbs_v1_0_2_reg__parameterized47
INFO: [VRFC 10-311] analyzing module u_ila_0_CVxsdbs_v1_0_2_reg__parameterized49
INFO: [VRFC 10-311] analyzing module u_ila_0_CVxsdbs_v1_0_2_reg__parameterized52
INFO: [VRFC 10-311] analyzing module u_ila_0_CVxsdbs_v1_0_2_reg_ctl
INFO: [VRFC 10-311] analyzing module u_ila_0_CVxsdbs_v1_0_2_reg_ctl_17
INFO: [VRFC 10-311] analyzing module u_ila_0_CVxsdbs_v1_0_2_reg_ctl_18
INFO: [VRFC 10-311] analyzing module u_ila_0_CVxsdbs_v1_0_2_reg_ctl_19
INFO: [VRFC 10-311] analyzing module u_ila_0_CVxsdbs_v1_0_2_reg_ctl_20
INFO: [VRFC 10-311] analyzing module u_ila_0_CVxsdbs_v1_0_2_reg_ctl_22
INFO: [VRFC 10-311] analyzing module u_ila_0_CVxsdbs_v1_0_2_reg_ctl_23
INFO: [VRFC 10-311] analyzing module u_ila_0_CVxsdbs_v1_0_2_reg_ctl_24
INFO: [VRFC 10-311] analyzing module u_ila_0_CVxsdbs_v1_0_2_reg_ctl_25
INFO: [VRFC 10-311] analyzing module u_ila_0_CVxsdbs_v1_0_2_reg_ctl_26
INFO: [VRFC 10-311] analyzing module u_ila_0_CVxsdbs_v1_0_2_reg_ctl_27
INFO: [VRFC 10-311] analyzing module u_ila_0_CVxsdbs_v1_0_2_reg_ctl__parameterized0
INFO: [VRFC 10-311] analyzing module u_ila_0_CVxsdbs_v1_0_2_reg_ctl__parameterized1
INFO: [VRFC 10-311] analyzing module u_ila_0_CVxsdbs_v1_0_2_reg_ctl__parameterized2
INFO: [VRFC 10-311] analyzing module u_ila_0_CVxsdbs_v1_0_2_reg_ctl__parameterized3
INFO: [VRFC 10-311] analyzing module u_ila_0_CVxsdbs_v1_0_2_reg_p2s
INFO: [VRFC 10-311] analyzing module u_ila_0_CVxsdbs_v1_0_2_reg_p2s__parameterized0
INFO: [VRFC 10-311] analyzing module u_ila_0_CVxsdbs_v1_0_2_reg_p2s__parameterized1
INFO: [VRFC 10-311] analyzing module u_ila_0_CVxsdbs_v1_0_2_reg_p2s__parameterized2
INFO: [VRFC 10-311] analyzing module u_ila_0_CVxsdbs_v1_0_2_reg_p2s__parameterized3
INFO: [VRFC 10-311] analyzing module u_ila_0_CVxsdbs_v1_0_2_reg_p2s__parameterized4
INFO: [VRFC 10-311] analyzing module u_ila_0_CVxsdbs_v1_0_2_reg_p2s__parameterized5
INFO: [VRFC 10-311] analyzing module u_ila_0_CVxsdbs_v1_0_2_reg_stat
INFO: [VRFC 10-311] analyzing module u_ila_0_CVxsdbs_v1_0_2_reg_stat_14
INFO: [VRFC 10-311] analyzing module u_ila_0_CVxsdbs_v1_0_2_reg_stat_15
INFO: [VRFC 10-311] analyzing module u_ila_0_CVxsdbs_v1_0_2_reg_stat_16
INFO: [VRFC 10-311] analyzing module u_ila_0_CVxsdbs_v1_0_2_reg_stat_21
INFO: [VRFC 10-311] analyzing module u_ila_0_CVxsdbs_v1_0_2_reg_stat_28
INFO: [VRFC 10-311] analyzing module u_ila_0_CVxsdbs_v1_0_2_reg_stream
INFO: [VRFC 10-311] analyzing module u_ila_0_CVxsdbs_v1_0_2_reg_stream__parameterized0
INFO: [VRFC 10-311] analyzing module u_ila_0_CVxsdbs_v1_0_2_xsdbs
INFO: [VRFC 10-311] analyzing module ALC
INFO: [VRFC 10-311] analyzing module dist_mem_gen_0
INFO: [VRFC 10-311] analyzing module dist_mem_gen_0_dist_mem_gen_v8_0_11
INFO: [VRFC 10-311] analyzing module dist_mem_gen_0_dist_mem_gen_v8_0_11_synth
INFO: [VRFC 10-311] analyzing module dist_mem_gen_0_spram
INFO: [VRFC 10-311] analyzing module glbl
INFO: [VRFC 10-2263] Analyzing SystemVerilog file "D:/ECE 440/project6/project6/project6.srcs/sim_1/new/tb.sv" into library xil_defaultlib
INFO: [VRFC 10-311] analyzing module tb
