Copyright 1986-2016 Xilinx, Inc. All Rights Reserved.
------------------------------------------------------------------------------------------------------
| Tool Version : Vivado v.2016.4 (win64) Build 1756540 Mon Jan 23 19:11:23 MST 2017
| Date         : Mon Mar 09 13:10:07 2020
| Host         : ece-bel215-15 running 64-bit major release  (build 9200)
| Command      : report_control_sets -verbose -file first_zynq_system_wrapper_control_sets_placed.rpt
| Design       : first_zynq_system_wrapper
| Device       : xc7z010
------------------------------------------------------------------------------------------------------

Control Set Information

Table of Contents
-----------------
1. Summary
2. Flip-Flop Distribution
3. Detailed Control Set Information

1. Summary
----------

+----------------------------------------------------------+-------+
|                          Status                          | Count |
+----------------------------------------------------------+-------+
| Number of unique control sets                            |    34 |
| Unused register locations in slices containing registers |    91 |
+----------------------------------------------------------+-------+


2. Flip-Flop Distribution
-------------------------

+--------------+-----------------------+------------------------+-----------------+--------------+
| Clock Enable | Synchronous Set/Reset | Asynchronous Set/Reset | Total Registers | Total Slices |
+--------------+-----------------------+------------------------+-----------------+--------------+
| No           | No                    | No                     |             105 |           30 |
| No           | No                    | Yes                    |               0 |            0 |
| No           | Yes                   | No                     |              92 |           28 |
| Yes          | No                    | No                     |             338 |           81 |
| Yes          | No                    | Yes                    |               0 |            0 |
| Yes          | Yes                   | No                     |              38 |           13 |
+--------------+-----------------------+------------------------+-----------------+--------------+


3. Detailed Control Set Information
-----------------------------------

+----------------------------------------------------------+------------------------------------------------------------------------------------------------------------------------------------------------------------------------+---------------------------------------------------------------------------------------------------------------------------------------------------+------------------+----------------+
|                       Clock Signal                       |                                                                              Enable Signal                                                                             |                                                                  Set/Reset Signal                                                                 | Slice Load Count | Bel Load Count |
+----------------------------------------------------------+------------------------------------------------------------------------------------------------------------------------------------------------------------------------+---------------------------------------------------------------------------------------------------------------------------------------------------+------------------+----------------+
|  first_zynq_system_i/processing_system7_0/inst/FCLK_CLK0 | first_zynq_system_i/ps7_0_axi_periph/s00_couplers/auto_pc/inst/gen_axilite.gen_b2s_conv.axilite_b2s/WR.b_channel_0/bid_fifo_0/bresp_push                               |                                                                                                                                                   |                1 |              2 |
|  first_zynq_system_i/processing_system7_0/inst/FCLK_CLK0 | first_zynq_system_i/ps7_0_axi_periph/s00_couplers/auto_pc/inst/gen_axilite.gen_b2s_conv.axilite_b2s/WR.aw_channel_0/aw_cmd_fsm_0/E[0]                                  | first_zynq_system_i/ps7_0_axi_periph/s00_couplers/auto_pc/inst/gen_axilite.gen_b2s_conv.axilite_b2s/WR.aw_channel_0/aw_cmd_fsm_0/axlen_cnt_reg[7] |                2 |              4 |
|  first_zynq_system_i/processing_system7_0/inst/FCLK_CLK0 |                                                                                                                                                                        | first_zynq_system_i/axi_gpio_0/U0/AXI_LITE_IPIF_I/I_SLAVE_ATTACHMENT/clear                                                                        |                1 |              4 |
|  first_zynq_system_i/processing_system7_0/inst/FCLK_CLK0 |                                                                                                                                                                        | first_zynq_system_i/axi_gpio_0/U0/AXI_LITE_IPIF_I/I_SLAVE_ATTACHMENT/I_DECODER/Not_Dual.READ_REG_GEN[0].GPIO_DBus_i_reg[28]                       |                1 |              4 |
|  first_zynq_system_i/processing_system7_0/inst/FCLK_CLK0 |                                                                                                                                                                        | first_zynq_system_i/ps7_0_axi_periph/s00_couplers/auto_pc/inst/gen_axilite.gen_b2s_conv.axilite_b2s/SI_REG/aw_pipe/s_ready_i_reg_0                |                3 |              4 |
|  first_zynq_system_i/processing_system7_0/inst/FCLK_CLK0 |                                                                                                                                                                        | first_zynq_system_i/ps7_0_axi_periph/s00_couplers/auto_pc/inst/gen_axilite.gen_b2s_conv.axilite_b2s/SI_REG/ar_pipe/m_valid_i_reg_0                |                3 |              4 |
|  first_zynq_system_i/processing_system7_0/inst/FCLK_CLK0 |                                                                                                                                                                        | first_zynq_system_i/rst_ps7_0_100M/U0/EXT_LPF/lpf_int                                                                                             |                1 |              4 |
|  first_zynq_system_i/processing_system7_0/inst/FCLK_CLK0 | first_zynq_system_i/axi_gpio_0/U0/AXI_LITE_IPIF_I/I_SLAVE_ATTACHMENT/s_axi_rdata_i[3]_i_1_n_0                                                                          | first_zynq_system_i/axi_gpio_0/U0/AXI_LITE_IPIF_I/I_SLAVE_ATTACHMENT/SR                                                                           |                2 |              4 |
|  first_zynq_system_i/processing_system7_0/inst/FCLK_CLK0 | first_zynq_system_i/axi_gpio_0/U0/AXI_LITE_IPIF_I/I_SLAVE_ATTACHMENT/bus2ip_addr_i[8]_i_1_n_0                                                                          | first_zynq_system_i/axi_gpio_0/U0/AXI_LITE_IPIF_I/I_SLAVE_ATTACHMENT/SR                                                                           |                1 |              4 |
|  first_zynq_system_i/processing_system7_0/inst/FCLK_CLK0 | first_zynq_system_i/axi_gpio_0/U0/AXI_LITE_IPIF_I/I_SLAVE_ATTACHMENT/I_DECODER/Not_Dual.gpio_OE_reg[0][0]                                                              | first_zynq_system_i/axi_gpio_0/U0/AXI_LITE_IPIF_I/I_SLAVE_ATTACHMENT/SR                                                                           |                1 |              4 |
|  first_zynq_system_i/processing_system7_0/inst/FCLK_CLK0 | first_zynq_system_i/axi_gpio_0/U0/AXI_LITE_IPIF_I/I_SLAVE_ATTACHMENT/I_DECODER/E[0]                                                                                    | first_zynq_system_i/axi_gpio_0/U0/AXI_LITE_IPIF_I/I_SLAVE_ATTACHMENT/SR                                                                           |                1 |              4 |
|  first_zynq_system_i/processing_system7_0/inst/FCLK_CLK0 | first_zynq_system_i/ps7_0_axi_periph/s00_couplers/auto_pc/inst/gen_axilite.gen_b2s_conv.axilite_b2s/RD.ar_channel_0/ar_cmd_fsm_0/axlen_cnt_reg[3][0]                   | first_zynq_system_i/ps7_0_axi_periph/s00_couplers/auto_pc/inst/gen_axilite.gen_b2s_conv.axilite_b2s/RD.ar_channel_0/ar_cmd_fsm_0/axlen_cnt_reg[7] |                2 |              4 |
|  first_zynq_system_i/processing_system7_0/inst/FCLK_CLK0 | first_zynq_system_i/rst_ps7_0_100M/U0/SEQ/seq_cnt_en                                                                                                                   | first_zynq_system_i/rst_ps7_0_100M/U0/SEQ/SEQ_COUNTER/clear                                                                                       |                1 |              6 |
|  first_zynq_system_i/processing_system7_0/inst/FCLK_CLK0 | first_zynq_system_i/ps7_0_axi_periph/s00_couplers/auto_pc/inst/gen_axilite.gen_b2s_conv.axilite_b2s/WR.b_channel_0/mhandshake_r                                        | first_zynq_system_i/ps7_0_axi_periph/s00_couplers/auto_pc/inst/gen_axilite.gen_b2s_conv.axilite_b2s/WR.b_channel_0/bid_fifo_0/SR[0]               |                3 |              8 |
|  first_zynq_system_i/processing_system7_0/inst/FCLK_CLK0 | first_zynq_system_i/ps7_0_axi_periph/s00_couplers/auto_pc/inst/gen_axilite.gen_b2s_conv.axilite_b2s/RD.ar_channel_0/ar_cmd_fsm_0/axaddr_incr_reg[11]                   |                                                                                                                                                   |                3 |             12 |
|  first_zynq_system_i/processing_system7_0/inst/FCLK_CLK0 | first_zynq_system_i/ps7_0_axi_periph/s00_couplers/auto_pc/inst/gen_axilite.gen_b2s_conv.axilite_b2s/WR.aw_channel_0/aw_cmd_fsm_0/wrap_boundary_axaddr_r_reg[0][0]      |                                                                                                                                                   |                4 |             12 |
|  first_zynq_system_i/processing_system7_0/inst/FCLK_CLK0 | first_zynq_system_i/ps7_0_axi_periph/s00_couplers/auto_pc/inst/gen_axilite.gen_b2s_conv.axilite_b2s/WR.aw_channel_0/cmd_translator_0/incr_cmd_0/axaddr_incr[0]_i_1_n_0 |                                                                                                                                                   |                3 |             12 |
|  first_zynq_system_i/processing_system7_0/inst/FCLK_CLK0 | first_zynq_system_i/ps7_0_axi_periph/s00_couplers/auto_pc/inst/gen_axilite.gen_b2s_conv.axilite_b2s/RD.ar_channel_0/ar_cmd_fsm_0/E[0]                                  |                                                                                                                                                   |                5 |             12 |
|  first_zynq_system_i/processing_system7_0/inst/FCLK_CLK0 | first_zynq_system_i/ps7_0_axi_periph/s00_couplers/auto_pc/inst/gen_axilite.gen_b2s_conv.axilite_b2s/RD.r_channel_0/r_push_r                                            |                                                                                                                                                   |                4 |             13 |
|  first_zynq_system_i/processing_system7_0/inst/FCLK_CLK0 | first_zynq_system_i/ps7_0_axi_periph/s00_couplers/auto_pc/inst/gen_axilite.gen_b2s_conv.axilite_b2s/SI_REG/b_pipe/p_1_in                                               |                                                                                                                                                   |                2 |             14 |
|  first_zynq_system_i/processing_system7_0/inst/FCLK_CLK0 | first_zynq_system_i/ps7_0_axi_periph/s00_couplers/auto_pc/inst/gen_axilite.gen_b2s_conv.axilite_b2s/SI_REG/b_pipe/skid_buffer_reg[0]_0                                 |                                                                                                                                                   |                2 |             14 |
|  first_zynq_system_i/processing_system7_0/inst/FCLK_CLK0 |                                                                                                                                                                        | first_zynq_system_i/axi_gpio_0/U0/AXI_LITE_IPIF_I/I_SLAVE_ATTACHMENT/SR                                                                           |                5 |             15 |
|  first_zynq_system_i/processing_system7_0/inst/FCLK_CLK0 | first_zynq_system_i/ps7_0_axi_periph/s00_couplers/auto_pc/inst/gen_axilite.gen_b2s_conv.axilite_b2s/WR.aw_channel_0/aw_cmd_fsm_0/b_push                                |                                                                                                                                                   |                3 |             16 |
|  first_zynq_system_i/processing_system7_0/inst/FCLK_CLK0 | first_zynq_system_i/ps7_0_axi_periph/s00_couplers/auto_pc/inst/gen_axilite.gen_b2s_conv.axilite_b2s/WR.aw_channel_0/aw_cmd_fsm_0/E[0]                                  |                                                                                                                                                   |                8 |             20 |
|  first_zynq_system_i/processing_system7_0/inst/FCLK_CLK0 | first_zynq_system_i/ps7_0_axi_periph/s00_couplers/auto_pc/inst/gen_axilite.gen_b2s_conv.axilite_b2s/RD.ar_channel_0/ar_cmd_fsm_0/axlen_cnt_reg[3][0]                   |                                                                                                                                                   |                7 |             20 |
|  first_zynq_system_i/processing_system7_0/inst/FCLK_CLK0 | first_zynq_system_i/ps7_0_axi_periph/s00_couplers/auto_pc/inst/gen_axilite.gen_b2s_conv.axilite_b2s/SI_REG/aw_pipe/s_axi_awready                                       |                                                                                                                                                   |                7 |             32 |
|  first_zynq_system_i/processing_system7_0/inst/FCLK_CLK0 | first_zynq_system_i/ps7_0_axi_periph/s00_couplers/auto_pc/inst/gen_axilite.gen_b2s_conv.axilite_b2s/WR.aw_channel_0/aw_cmd_fsm_0/m_payload_i_reg[0][0]                 |                                                                                                                                                   |                6 |             32 |
|  first_zynq_system_i/processing_system7_0/inst/FCLK_CLK0 | first_zynq_system_i/ps7_0_axi_periph/s00_couplers/auto_pc/inst/gen_axilite.gen_b2s_conv.axilite_b2s/RD.ar_channel_0/ar_cmd_fsm_0/m_payload_i_reg[0]_1[0]               |                                                                                                                                                   |                7 |             32 |
|  first_zynq_system_i/processing_system7_0/inst/FCLK_CLK0 | first_zynq_system_i/ps7_0_axi_periph/s00_couplers/auto_pc/inst/gen_axilite.gen_b2s_conv.axilite_b2s/SI_REG/ar_pipe/s_axi_arready                                       |                                                                                                                                                   |               10 |             32 |
|  first_zynq_system_i/processing_system7_0/inst/FCLK_CLK0 | first_zynq_system_i/ps7_0_axi_periph/s00_couplers/auto_pc/inst/gen_axilite.gen_b2s_conv.axilite_b2s/RD.r_channel_0/rd_data_fifo_0/wr_en0                               |                                                                                                                                                   |                9 |             34 |
|  first_zynq_system_i/processing_system7_0/inst/FCLK_CLK0 | first_zynq_system_i/ps7_0_axi_periph/s00_couplers/auto_pc/inst/gen_axilite.gen_b2s_conv.axilite_b2s/SI_REG/r_pipe/p_1_in                                               |                                                                                                                                                   |               10 |             47 |
|  first_zynq_system_i/processing_system7_0/inst/FCLK_CLK0 | first_zynq_system_i/ps7_0_axi_periph/s00_couplers/auto_pc/inst/gen_axilite.gen_b2s_conv.axilite_b2s/SI_REG/r_pipe/skid_buffer_reg[0]_0                                 |                                                                                                                                                   |                7 |             47 |
|  first_zynq_system_i/processing_system7_0/inst/FCLK_CLK0 |                                                                                                                                                                        | first_zynq_system_i/ps7_0_axi_periph/s00_couplers/auto_pc/inst/gen_axilite.gen_b2s_conv.axilite_b2s/areset_d1                                     |               14 |             57 |
|  first_zynq_system_i/processing_system7_0/inst/FCLK_CLK0 |                                                                                                                                                                        |                                                                                                                                                   |               31 |            106 |
+----------------------------------------------------------+------------------------------------------------------------------------------------------------------------------------------------------------------------------------+---------------------------------------------------------------------------------------------------------------------------------------------------+------------------+----------------+


+--------+-----------------------+
| Fanout | Number of ControlSets |
+--------+-----------------------+
| 2      |                     1 |
| 4      |                    11 |
| 6      |                     1 |
| 8      |                     1 |
| 12     |                     4 |
| 13     |                     1 |
| 14     |                     2 |
| 15     |                     1 |
| 16+    |                    12 |
+--------+-----------------------+


