
*** Running vivado
    with args -log dist_mem_gen_0.vds -m64 -product Vivado -mode batch -messageDb vivado.pb -notrace -source dist_mem_gen_0.tcl


****** Vivado v2016.4 (64-bit)
  **** SW Build 1756540 on Mon Jan 23 19:11:23 MST 2017
  **** IP Build 1755317 on Mon Jan 23 20:30:07 MST 2017
    ** Copyright 1986-2016 Xilinx, Inc. All Rights Reserved.

source dist_mem_gen_0.tcl -notrace
Starting RTL Elaboration : Time (s): cpu = 00:00:07 ; elapsed = 00:00:11 . Memory (MB): peak = 291.086 ; gain = 81.570
INFO: [Synth 8-638] synthesizing module 'dist_mem_gen_0' [d:/ECE 440/project4/project4/project4.srcs/sources_1/ip/dist_mem_gen_0/synth/dist_mem_gen_0.vhd:69]
INFO: [Synth 8-256] done synthesizing module 'dist_mem_gen_0' (4#1) [d:/ECE 440/project4/project4/project4.srcs/sources_1/ip/dist_mem_gen_0/synth/dist_mem_gen_0.vhd:69]
Finished RTL Elaboration : Time (s): cpu = 00:00:08 ; elapsed = 00:00:13 . Memory (MB): peak = 329.133 ; gain = 119.617
Finished RTL Optimization Phase 1 : Time (s): cpu = 00:00:08 ; elapsed = 00:00:13 . Memory (MB): peak = 329.133 ; gain = 119.617
INFO: [Device 21-403] Loading part xc7z010clg400-1
Constraint Validation Runtime : Time (s): cpu = 00:00:00 ; elapsed = 00:00:00.214 . Memory (MB): peak = 551.789 ; gain = 0.000
Finished Constraint Validation : Time (s): cpu = 00:00:18 ; elapsed = 00:00:27 . Memory (MB): peak = 551.789 ; gain = 342.273
Finished Loading Part and Timing Information : Time (s): cpu = 00:00:18 ; elapsed = 00:00:28 . Memory (MB): peak = 551.789 ; gain = 342.273
Finished applying 'set_property' XDC Constraints : Time (s): cpu = 00:00:18 ; elapsed = 00:00:28 . Memory (MB): peak = 551.789 ; gain = 342.273
Finished RTL Optimization Phase 2 : Time (s): cpu = 00:00:18 ; elapsed = 00:00:28 . Memory (MB): peak = 551.789 ; gain = 342.273
Finished Cross Boundary and Area Optimization : Time (s): cpu = 00:00:18 ; elapsed = 00:00:28 . Memory (MB): peak = 551.789 ; gain = 342.273
---------------------------------------------------------------------------------
Start ROM, RAM, DSP and Shift Register Reporting
---------------------------------------------------------------------------------

Distributed RAM: Preliminary Mapping  Report (see note below)
+---------------------+-----------------------------------------------------------+----------------+----------------------+----------------+
|Module Name          | RTL Object                                                | Inference      | Size (Depth x Width) | Primitives     | 
+---------------------+-----------------------------------------------------------+----------------+----------------------+----------------+
|dist_mem_gen_v8_0_11 | synth_options.dist_mem_inst/gen_sp_ram.spram_inst/ram_reg | User Attribute | 16 x 2               | RAM16X1S x 2   | 
+---------------------+-----------------------------------------------------------+----------------+----------------------+----------------+

Note: The table above is a preliminary report that shows the Distributed RAMs at the current stage of the synthesis flow. Some Distributed RAMs may be reimplemented as non Distributed RAM primitives later in the synthesis flow. Multiple instantiated RAMs are reported only once.
---------------------------------------------------------------------------------
Finished ROM, RAM, DSP and Shift Register Reporting
---------------------------------------------------------------------------------
Finished Applying XDC Timing Constraints : Time (s): cpu = 00:00:29 ; elapsed = 00:00:39 . Memory (MB): peak = 574.902 ; gain = 365.387
Finished Timing Optimization : Time (s): cpu = 00:00:29 ; elapsed = 00:00:39 . Memory (MB): peak = 574.906 ; gain = 365.391
Finished Technology Mapping : Time (s): cpu = 00:00:29 ; elapsed = 00:00:40 . Memory (MB): peak = 594.316 ; gain = 384.801
Finished IO Insertion : Time (s): cpu = 00:00:30 ; elapsed = 00:00:40 . Memory (MB): peak = 594.316 ; gain = 384.801
Finished Renaming Generated Instances : Time (s): cpu = 00:00:30 ; elapsed = 00:00:40 . Memory (MB): peak = 594.316 ; gain = 384.801
Finished Rebuilding User Hierarchy : Time (s): cpu = 00:00:30 ; elapsed = 00:00:40 . Memory (MB): peak = 594.316 ; gain = 384.801
Finished Renaming Generated Ports : Time (s): cpu = 00:00:30 ; elapsed = 00:00:40 . Memory (MB): peak = 594.316 ; gain = 384.801
Finished Handling Custom Attributes : Time (s): cpu = 00:00:30 ; elapsed = 00:00:40 . Memory (MB): peak = 594.316 ; gain = 384.801
Finished Renaming Generated Nets : Time (s): cpu = 00:00:30 ; elapsed = 00:00:40 . Memory (MB): peak = 594.316 ; gain = 384.801

Report Cell Usage: 
+------+---------+------+
|      |Cell     |Count |
+------+---------+------+
|1     |RAM16X1S |     2|
|2     |FDRE     |     2|
+------+---------+------+
Finished Writing Synthesis Report : Time (s): cpu = 00:00:30 ; elapsed = 00:00:40 . Memory (MB): peak = 594.316 ; gain = 384.801
synth_design: Time (s): cpu = 00:00:28 ; elapsed = 00:00:36 . Memory (MB): peak = 607.371 ; gain = 391.785
