Vivado Simulator 2016.4
Copyright 1986-1999, 2001-2016 Xilinx, Inc. All Rights Reserved.
Running: C:/Xilinx/Vivado/2016.4/bin/unwrapped/win64.o/xelab.exe -wto efc0c47995a940afba3d42d11e6f2bf6 --debug typical --relax --mt 2 -L xil_defaultlib -L unisims_ver -L secureip --snapshot tb_func_synth xil_defaultlib.tb xil_defaultlib.glbl -log elaborate.log 
Using 2 slave threads.
Starting static elaboration
Completed static elaboration
Starting simulation data flow analysis
Completed simulation data flow analysis
Time Resolution for simulation is 1ps
Compiling module unisims_ver.OBUF
Compiling module unisims_ver.BUFG
Compiling module unisims_ver.IBUF
Compiling module unisims_ver.LUT6
Compiling module unisims_ver.x_lut2_mux4
Compiling module unisims_ver.LUT2
Compiling module unisims_ver.LUT5
Compiling module unisims_ver.x_lut3_mux4
Compiling module unisims_ver.x_lut3_mux4_reduced_0
Compiling module unisims_ver.LUT3
Compiling module unisims_ver.LUT4
Compiling module unisims_ver.sffsrce_fdre
Compiling module unisims_ver.FDRE
Compiling module unisims_ver.MUXF7
Compiling module unisims_ver.x_lut1_mux2
Compiling module unisims_ver.LUT1
Compiling module unisims_ver.GND
Compiling module xil_defaultlib.dist_mem_gen_0_rom
Compiling module xil_defaultlib.dist_mem_gen_0_dist_mem_gen_v8_0...
Compiling module xil_defaultlib.dist_mem_gen_0_dist_mem_gen_v8_0...
Compiling module xil_defaultlib.dist_mem_gen_0
Compiling module xil_defaultlib.sequence_detector
Compiling module unisims_ver.RB18_INTERNAL_VLOG(DOA_REG=1,DOB...
Compiling module unisims_ver.RAMB18E1(DOA_REG=1,DOB_REG=1,INI...
Compiling module xil_defaultlib.blk_mem_gen_0_blk_mem_gen_prim_w...
Compiling module xil_defaultlib.blk_mem_gen_0_blk_mem_gen_prim_w...
Compiling module xil_defaultlib.blk_mem_gen_0_blk_mem_gen_generi...
Compiling module xil_defaultlib.blk_mem_gen_0_blk_mem_gen_top
Compiling module xil_defaultlib.blk_mem_gen_0_blk_mem_gen_v8_3_5...
Compiling module xil_defaultlib.blk_mem_gen_0_blk_mem_gen_v8_3_5
Compiling module xil_defaultlib.blk_mem_gen_0
Compiling module xil_defaultlib.codon_reader
Compiling module xil_defaultlib.DNA_sequencer
Compiling module xil_defaultlib.tb
Compiling module xil_defaultlib.glbl
Built simulation snapshot tb_func_synth
